{"/home/tam/Yandex/CODINGTRAINING/NEOFLEX/neobank3/neobank/neobank/__mocks__/fileMock.ts": {"path":"/home/tam/Yandex/CODINGTRAINING/NEOFLEX/neobank3/neobank/neobank/__mocks__/fileMock.ts","all":true,"statementMap":{"0":{"start":{"line":1,"column":0},"end":{"line":1,"column":32}}},"s":{"0":0},"branchMap":{"0":{"type":"branch","line":1,"loc":{"start":{"line":1,"column":71},"end":{"line":3,"column":37}},"locations":[{"start":{"line":1,"column":71},"end":{"line":3,"column":37}}]}},"b":{"0":[0]},"fnMap":{"0":{"name":"(empty-report)","decl":{"start":{"line":1,"column":71},"end":{"line":3,"column":37}},"loc":{"start":{"line":1,"column":71},"end":{"line":3,"column":37}},"line":1}},"f":{"0":0}}
,"/home/tam/Yandex/CODINGTRAINING/NEOFLEX/neobank3/neobank/neobank/src/index.tsx": {"path":"/home/tam/Yandex/CODINGTRAINING/NEOFLEX/neobank3/neobank/neobank/src/index.tsx","all":true,"statementMap":{"0":{"start":{"line":1,"column":0},"end":{"line":1,"column":31}},"2":{"start":{"line":3,"column":0},"end":{"line":3,"column":45}},"3":{"start":{"line":4,"column":0},"end":{"line":4,"column":39}},"5":{"start":{"line":6,"column":0},"end":{"line":6,"column":24}},"6":{"start":{"line":7,"column":0},"end":{"line":7,"column":38}},"8":{"start":{"line":9,"column":0},"end":{"line":9,"column":75}},"9":{"start":{"line":10,"column":0},"end":{"line":10,"column":26}},"10":{"start":{"line":11,"column":0},"end":{"line":11,"column":11}},"11":{"start":{"line":12,"column":0},"end":{"line":12,"column":14}},"12":{"start":{"line":13,"column":0},"end":{"line":13,"column":2}}},"s":{"0":0,"2":0,"3":0,"5":0,"6":0,"8":0,"9":0,"10":0,"11":0,"12":0},"branchMap":{"0":{"type":"branch","line":1,"loc":{"start":{"line":1,"column":317},"end":{"line":13,"column":2}},"locations":[{"start":{"line":1,"column":317},"end":{"line":13,"column":2}}]}},"b":{"0":[0]},"fnMap":{"0":{"name":"(empty-report)","decl":{"start":{"line":1,"column":317},"end":{"line":13,"column":2}},"loc":{"start":{"line":1,"column":317},"end":{"line":13,"column":2}},"line":1}},"f":{"0":0}}
,"/home/tam/Yandex/CODINGTRAINING/NEOFLEX/neobank3/neobank/neobank/src/App/App.tsx": {"path":"/home/tam/Yandex/CODINGTRAINING/NEOFLEX/neobank3/neobank/neobank/src/App/App.tsx","all":true,"statementMap":{"0":{"start":{"line":1,"column":0},"end":{"line":1,"column":53}},"1":{"start":{"line":2,"column":0},"end":{"line":2,"column":64}},"2":{"start":{"line":3,"column":0},"end":{"line":3,"column":20}},"3":{"start":{"line":4,"column":0},"end":{"line":4,"column":44}},"4":{"start":{"line":5,"column":0},"end":{"line":5,"column":72}},"5":{"start":{"line":6,"column":0},"end":{"line":6,"column":69}},"6":{"start":{"line":7,"column":0},"end":{"line":7,"column":54}},"7":{"start":{"line":8,"column":0},"end":{"line":8,"column":90}},"8":{"start":{"line":9,"column":0},"end":{"line":9,"column":105}},"9":{"start":{"line":10,"column":0},"end":{"line":10,"column":88}},"10":{"start":{"line":11,"column":0},"end":{"line":11,"column":100}},"11":{"start":{"line":12,"column":0},"end":{"line":12,"column":87}},"12":{"start":{"line":13,"column":0},"end":{"line":13,"column":105}},"13":{"start":{"line":14,"column":0},"end":{"line":14,"column":40}},"15":{"start":{"line":16,"column":0},"end":{"line":16,"column":29}},"16":{"start":{"line":17,"column":0},"end":{"line":17,"column":10}},"17":{"start":{"line":18,"column":0},"end":{"line":18,"column":25}},"18":{"start":{"line":19,"column":0},"end":{"line":19,"column":21}},"19":{"start":{"line":20,"column":0},"end":{"line":20,"column":16}},"20":{"start":{"line":21,"column":0},"end":{"line":21,"column":51}},"21":{"start":{"line":22,"column":0},"end":{"line":22,"column":57}},"22":{"start":{"line":23,"column":0},"end":{"line":23,"column":62}},"23":{"start":{"line":24,"column":0},"end":{"line":24,"column":51}},"24":{"start":{"line":25,"column":0},"end":{"line":25,"column":58}},"25":{"start":{"line":26,"column":0},"end":{"line":26,"column":64}},"26":{"start":{"line":27,"column":0},"end":{"line":27,"column":60}},"27":{"start":{"line":28,"column":0},"end":{"line":28,"column":50}},"28":{"start":{"line":29,"column":0},"end":{"line":29,"column":18}},"29":{"start":{"line":30,"column":0},"end":{"line":30,"column":74}},"30":{"start":{"line":31,"column":0},"end":{"line":31,"column":86}},"31":{"start":{"line":32,"column":0},"end":{"line":32,"column":84}},"32":{"start":{"line":33,"column":0},"end":{"line":33,"column":71}},"33":{"start":{"line":34,"column":0},"end":{"line":34,"column":59}},"34":{"start":{"line":35,"column":0},"end":{"line":35,"column":51}},"35":{"start":{"line":36,"column":0},"end":{"line":36,"column":17}},"36":{"start":{"line":37,"column":0},"end":{"line":37,"column":22}},"37":{"start":{"line":38,"column":0},"end":{"line":38,"column":10}},"39":{"start":{"line":40,"column":0},"end":{"line":40,"column":2}},"41":{"start":{"line":42,"column":0},"end":{"line":42,"column":19}}},"s":{"0":0,"1":0,"2":0,"3":0,"4":0,"5":0,"6":0,"7":0,"8":0,"9":0,"10":0,"11":0,"12":0,"13":0,"15":0,"16":0,"17":0,"18":0,"19":0,"20":0,"21":0,"22":0,"23":0,"24":0,"25":0,"26":0,"27":0,"28":0,"29":0,"30":0,"31":0,"32":0,"33":0,"34":0,"35":0,"36":0,"37":0,"39":0,"41":0},"branchMap":{"0":{"type":"branch","line":1,"loc":{"start":{"line":1,"column":2103},"end":{"line":42,"column":19}},"locations":[{"start":{"line":1,"column":2103},"end":{"line":42,"column":19}}]}},"b":{"0":[0]},"fnMap":{"0":{"name":"(empty-report)","decl":{"start":{"line":1,"column":2103},"end":{"line":42,"column":19}},"loc":{"start":{"line":1,"column":2103},"end":{"line":42,"column":19}},"line":1}},"f":{"0":0}}
,"/home/tam/Yandex/CODINGTRAINING/NEOFLEX/neobank3/neobank/neobank/src/App/index.ts": {"path":"/home/tam/Yandex/CODINGTRAINING/NEOFLEX/neobank3/neobank/neobank/src/App/index.ts","all":true,"statementMap":{"0":{"start":{"line":1,"column":0},"end":{"line":1,"column":32}}},"s":{"0":0},"branchMap":{"0":{"type":"branch","line":1,"loc":{"start":{"line":1,"column":0},"end":{"line":1,"column":32}},"locations":[{"start":{"line":1,"column":0},"end":{"line":1,"column":32}}]}},"b":{"0":[0]},"fnMap":{"0":{"name":"(empty-report)","decl":{"start":{"line":1,"column":0},"end":{"line":1,"column":32}},"loc":{"start":{"line":1,"column":0},"end":{"line":1,"column":32}},"line":1}},"f":{"0":0}}
,"/home/tam/Yandex/CODINGTRAINING/NEOFLEX/neobank3/neobank/neobank/src/App/pages/CreditCard/CreditCard.tsx": {"path":"/home/tam/Yandex/CODINGTRAINING/NEOFLEX/neobank3/neobank/neobank/src/App/pages/CreditCard/CreditCard.tsx","all":true,"statementMap":{"0":{"start":{"line":1,"column":0},"end":{"line":1,"column":47}},"2":{"start":{"line":3,"column":0},"end":{"line":3,"column":40}},"3":{"start":{"line":4,"column":0},"end":{"line":4,"column":42}},"4":{"start":{"line":5,"column":0},"end":{"line":5,"column":46}},"5":{"start":{"line":6,"column":0},"end":{"line":6,"column":43}},"6":{"start":{"line":7,"column":0},"end":{"line":7,"column":27}},"7":{"start":{"line":8,"column":0},"end":{"line":8,"column":61}},"8":{"start":{"line":9,"column":0},"end":{"line":9,"column":40}},"9":{"start":{"line":10,"column":0},"end":{"line":10,"column":49}},"10":{"start":{"line":11,"column":0},"end":{"line":11,"column":66}},"12":{"start":{"line":13,"column":0},"end":{"line":13,"column":36}},"13":{"start":{"line":14,"column":0},"end":{"line":14,"column":100}},"15":{"start":{"line":16,"column":0},"end":{"line":16,"column":36}},"16":{"start":{"line":17,"column":0},"end":{"line":17,"column":36}},"18":{"start":{"line":19,"column":0},"end":{"line":19,"column":19}},"19":{"start":{"line":20,"column":0},"end":{"line":20,"column":35}},"20":{"start":{"line":21,"column":0},"end":{"line":21,"column":29}},"21":{"start":{"line":22,"column":0},"end":{"line":22,"column":32}},"22":{"start":{"line":23,"column":0},"end":{"line":23,"column":41}},"23":{"start":{"line":24,"column":0},"end":{"line":24,"column":30}},"24":{"start":{"line":25,"column":0},"end":{"line":25,"column":3}},"25":{"start":{"line":26,"column":0},"end":{"line":26,"column":10}},"26":{"start":{"line":27,"column":0},"end":{"line":27,"column":9}},"27":{"start":{"line":28,"column":0},"end":{"line":28,"column":16}},"28":{"start":{"line":29,"column":0},"end":{"line":29,"column":28}},"29":{"start":{"line":30,"column":0},"end":{"line":30,"column":70}},"30":{"start":{"line":31,"column":0},"end":{"line":31,"column":20}},"31":{"start":{"line":32,"column":0},"end":{"line":32,"column":19}},"32":{"start":{"line":33,"column":0},"end":{"line":33,"column":59}},"33":{"start":{"line":34,"column":0},"end":{"line":34,"column":38}},"34":{"start":{"line":35,"column":0},"end":{"line":35,"column":46}},"36":{"start":{"line":37,"column":0},"end":{"line":37,"column":18}},"37":{"start":{"line":38,"column":0},"end":{"line":38,"column":12}},"38":{"start":{"line":39,"column":0},"end":{"line":39,"column":10}},"40":{"start":{"line":41,"column":0},"end":{"line":41,"column":2}},"42":{"start":{"line":43,"column":0},"end":{"line":43,"column":26}}},"s":{"0":0,"2":0,"3":0,"4":0,"5":0,"6":0,"7":0,"8":0,"9":0,"10":0,"12":0,"13":0,"15":0,"16":0,"18":0,"19":0,"20":0,"21":0,"22":0,"23":0,"24":0,"25":0,"26":0,"27":0,"28":0,"29":0,"30":0,"31":0,"32":0,"33":0,"34":0,"36":0,"37":0,"38":0,"40":0,"42":0},"branchMap":{"0":{"type":"branch","line":1,"loc":{"start":{"line":1,"column":1328},"end":{"line":43,"column":26}},"locations":[{"start":{"line":1,"column":1328},"end":{"line":43,"column":26}}]}},"b":{"0":[0]},"fnMap":{"0":{"name":"(empty-report)","decl":{"start":{"line":1,"column":1328},"end":{"line":43,"column":26}},"loc":{"start":{"line":1,"column":1328},"end":{"line":43,"column":26}},"line":1}},"f":{"0":0}}
,"/home/tam/Yandex/CODINGTRAINING/NEOFLEX/neobank3/neobank/neobank/src/App/pages/CreditCard/index.ts": {"path":"/home/tam/Yandex/CODINGTRAINING/NEOFLEX/neobank3/neobank/neobank/src/App/pages/CreditCard/index.ts","all":true,"statementMap":{"0":{"start":{"line":1,"column":0},"end":{"line":1,"column":39}}},"s":{"0":0},"branchMap":{"0":{"type":"branch","line":1,"loc":{"start":{"line":1,"column":0},"end":{"line":1,"column":39}},"locations":[{"start":{"line":1,"column":0},"end":{"line":1,"column":39}}]}},"b":{"0":[0]},"fnMap":{"0":{"name":"(empty-report)","decl":{"start":{"line":1,"column":0},"end":{"line":1,"column":39}},"loc":{"start":{"line":1,"column":0},"end":{"line":1,"column":39}},"line":1}},"f":{"0":0}}
,"/home/tam/Yandex/CODINGTRAINING/NEOFLEX/neobank3/neobank/neobank/src/App/pages/CreditCard/ApplyForm/ApplyForm.tsx": {"path":"/home/tam/Yandex/CODINGTRAINING/NEOFLEX/neobank3/neobank/neobank/src/App/pages/CreditCard/ApplyForm/ApplyForm.tsx","all":false,"statementMap":{"0":{"start":{"line":1,"column":0},"end":{"line":1,"column":41}},"1":{"start":{"line":2,"column":0},"end":{"line":2,"column":47}},"2":{"start":{"line":3,"column":0},"end":{"line":3,"column":52}},"3":{"start":{"line":4,"column":0},"end":{"line":4,"column":42}},"5":{"start":{"line":6,"column":0},"end":{"line":6,"column":51}},"6":{"start":{"line":7,"column":0},"end":{"line":7,"column":55}},"7":{"start":{"line":8,"column":0},"end":{"line":8,"column":47}},"8":{"start":{"line":9,"column":0},"end":{"line":9,"column":26}},"15":{"start":{"line":16,"column":0},"end":{"line":16,"column":37}},"28":{"start":{"line":29,"column":0},"end":{"line":29,"column":35}},"29":{"start":{"line":30,"column":0},"end":{"line":30,"column":33}},"30":{"start":{"line":31,"column":0},"end":{"line":31,"column":80}},"31":{"start":{"line":32,"column":0},"end":{"line":32,"column":47}},"32":{"start":{"line":33,"column":0},"end":{"line":33,"column":52}},"33":{"start":{"line":34,"column":0},"end":{"line":34,"column":33}},"34":{"start":{"line":35,"column":0},"end":{"line":35,"column":54}},"36":{"start":{"line":37,"column":0},"end":{"line":37,"column":9}},"37":{"start":{"line":38,"column":0},"end":{"line":38,"column":13}},"38":{"start":{"line":39,"column":0},"end":{"line":39,"column":17}},"39":{"start":{"line":40,"column":0},"end":{"line":40,"column":39}},"40":{"start":{"line":41,"column":0},"end":{"line":41,"column":27}},"41":{"start":{"line":42,"column":0},"end":{"line":42,"column":21}},"42":{"start":{"line":43,"column":0},"end":{"line":43,"column":28}},"43":{"start":{"line":44,"column":0},"end":{"line":44,"column":5}},"45":{"start":{"line":46,"column":0},"end":{"line":46,"column":19}},"46":{"start":{"line":47,"column":0},"end":{"line":47,"column":67}},"47":{"start":{"line":48,"column":0},"end":{"line":48,"column":61}},"48":{"start":{"line":49,"column":0},"end":{"line":49,"column":5}},"49":{"start":{"line":50,"column":0},"end":{"line":50,"column":17}},"51":{"start":{"line":52,"column":0},"end":{"line":52,"column":19}},"52":{"start":{"line":53,"column":0},"end":{"line":53,"column":53}},"53":{"start":{"line":54,"column":0},"end":{"line":54,"column":39}},"54":{"start":{"line":55,"column":0},"end":{"line":55,"column":25}},"56":{"start":{"line":57,"column":0},"end":{"line":57,"column":48}},"57":{"start":{"line":58,"column":0},"end":{"line":58,"column":23}},"58":{"start":{"line":59,"column":0},"end":{"line":59,"column":9}},"59":{"start":{"line":60,"column":0},"end":{"line":60,"column":37}},"60":{"start":{"line":61,"column":0},"end":{"line":61,"column":30}},"61":{"start":{"line":62,"column":0},"end":{"line":62,"column":23}},"62":{"start":{"line":63,"column":0},"end":{"line":63,"column":37}},"63":{"start":{"line":64,"column":0},"end":{"line":64,"column":34}},"64":{"start":{"line":65,"column":0},"end":{"line":65,"column":32}},"65":{"start":{"line":66,"column":0},"end":{"line":66,"column":44}},"66":{"start":{"line":67,"column":0},"end":{"line":67,"column":26}},"67":{"start":{"line":68,"column":0},"end":{"line":68,"column":30}},"68":{"start":{"line":69,"column":0},"end":{"line":69,"column":45}},"69":{"start":{"line":70,"column":0},"end":{"line":70,"column":42}},"70":{"start":{"line":71,"column":0},"end":{"line":71,"column":8}},"72":{"start":{"line":73,"column":0},"end":{"line":73,"column":73}},"73":{"start":{"line":74,"column":0},"end":{"line":74,"column":23}},"74":{"start":{"line":75,"column":0},"end":{"line":75,"column":18}},"75":{"start":{"line":76,"column":0},"end":{"line":76,"column":45}},"76":{"start":{"line":77,"column":0},"end":{"line":77,"column":10}},"77":{"start":{"line":78,"column":0},"end":{"line":78,"column":45}},"78":{"start":{"line":79,"column":0},"end":{"line":79,"column":9}},"80":{"start":{"line":81,"column":0},"end":{"line":81,"column":25}},"81":{"start":{"line":82,"column":0},"end":{"line":82,"column":55}},"82":{"start":{"line":83,"column":0},"end":{"line":83,"column":7}},"84":{"start":{"line":85,"column":0},"end":{"line":85,"column":24}},"85":{"start":{"line":86,"column":0},"end":{"line":86,"column":31}},"86":{"start":{"line":87,"column":0},"end":{"line":87,"column":7}},"88":{"start":{"line":89,"column":0},"end":{"line":89,"column":47}},"89":{"start":{"line":90,"column":0},"end":{"line":90,"column":42}},"90":{"start":{"line":91,"column":0},"end":{"line":91,"column":33}},"91":{"start":{"line":92,"column":0},"end":{"line":92,"column":21}},"92":{"start":{"line":93,"column":0},"end":{"line":93,"column":37}},"93":{"start":{"line":94,"column":0},"end":{"line":94,"column":15}},"94":{"start":{"line":95,"column":0},"end":{"line":95,"column":26}},"95":{"start":{"line":96,"column":0},"end":{"line":96,"column":5}},"96":{"start":{"line":97,"column":0},"end":{"line":97,"column":4}},"98":{"start":{"line":99,"column":0},"end":{"line":99,"column":73}},"99":{"start":{"line":100,"column":0},"end":{"line":100,"column":51}},"100":{"start":{"line":101,"column":0},"end":{"line":101,"column":4}},"102":{"start":{"line":103,"column":0},"end":{"line":103,"column":27}},"103":{"start":{"line":104,"column":0},"end":{"line":104,"column":98}},"104":{"start":{"line":105,"column":0},"end":{"line":105,"column":60}},"105":{"start":{"line":106,"column":0},"end":{"line":106,"column":6}},"107":{"start":{"line":108,"column":0},"end":{"line":108,"column":10}},"108":{"start":{"line":109,"column":0},"end":{"line":109,"column":13}},"109":{"start":{"line":110,"column":0},"end":{"line":110,"column":42}},"110":{"start":{"line":111,"column":0},"end":{"line":111,"column":51}},"111":{"start":{"line":112,"column":0},"end":{"line":112,"column":68}},"112":{"start":{"line":113,"column":0},"end":{"line":113,"column":47}},"113":{"start":{"line":114,"column":0},"end":{"line":114,"column":73}},"114":{"start":{"line":115,"column":0},"end":{"line":115,"column":60}},"115":{"start":{"line":116,"column":0},"end":{"line":116,"column":18}},"116":{"start":{"line":117,"column":0},"end":{"line":117,"column":42}},"117":{"start":{"line":118,"column":0},"end":{"line":118,"column":68}},"119":{"start":{"line":120,"column":0},"end":{"line":120,"column":22}},"120":{"start":{"line":121,"column":0},"end":{"line":121,"column":20}},"121":{"start":{"line":122,"column":0},"end":{"line":122,"column":29}},"122":{"start":{"line":123,"column":0},"end":{"line":123,"column":24}},"123":{"start":{"line":124,"column":0},"end":{"line":124,"column":26}},"124":{"start":{"line":125,"column":0},"end":{"line":125,"column":27}},"125":{"start":{"line":126,"column":0},"end":{"line":126,"column":28}},"126":{"start":{"line":127,"column":0},"end":{"line":127,"column":30}},"127":{"start":{"line":128,"column":0},"end":{"line":128,"column":67}},"128":{"start":{"line":129,"column":0},"end":{"line":129,"column":46}},"129":{"start":{"line":130,"column":0},"end":{"line":130,"column":16}},"131":{"start":{"line":132,"column":0},"end":{"line":132,"column":19}},"132":{"start":{"line":133,"column":0},"end":{"line":133,"column":22}},"133":{"start":{"line":134,"column":0},"end":{"line":134,"column":47}},"134":{"start":{"line":135,"column":0},"end":{"line":135,"column":28}},"135":{"start":{"line":136,"column":0},"end":{"line":136,"column":30}},"136":{"start":{"line":137,"column":0},"end":{"line":137,"column":29}},"137":{"start":{"line":138,"column":0},"end":{"line":138,"column":30}},"138":{"start":{"line":139,"column":0},"end":{"line":139,"column":32}},"139":{"start":{"line":140,"column":0},"end":{"line":140,"column":69}},"140":{"start":{"line":141,"column":0},"end":{"line":141,"column":18}},"141":{"start":{"line":142,"column":0},"end":{"line":142,"column":20}},"142":{"start":{"line":143,"column":0},"end":{"line":143,"column":49}},"143":{"start":{"line":144,"column":0},"end":{"line":144,"column":29}},"144":{"start":{"line":145,"column":0},"end":{"line":145,"column":30}},"145":{"start":{"line":146,"column":0},"end":{"line":146,"column":20}},"146":{"start":{"line":147,"column":0},"end":{"line":147,"column":18}},"147":{"start":{"line":148,"column":0},"end":{"line":148,"column":16}},"148":{"start":{"line":149,"column":0},"end":{"line":149,"column":41}},"149":{"start":{"line":150,"column":0},"end":{"line":150,"column":40}},"150":{"start":{"line":151,"column":0},"end":{"line":151,"column":75}},"151":{"start":{"line":152,"column":0},"end":{"line":152,"column":73}},"152":{"start":{"line":153,"column":0},"end":{"line":153,"column":51}},"153":{"start":{"line":154,"column":0},"end":{"line":154,"column":16}},"154":{"start":{"line":155,"column":0},"end":{"line":155,"column":14}},"156":{"start":{"line":157,"column":0},"end":{"line":157,"column":101}},"157":{"start":{"line":158,"column":0},"end":{"line":158,"column":58}},"158":{"start":{"line":159,"column":0},"end":{"line":159,"column":67}},"159":{"start":{"line":160,"column":0},"end":{"line":160,"column":39}},"161":{"start":{"line":162,"column":0},"end":{"line":162,"column":41}},"162":{"start":{"line":163,"column":0},"end":{"line":163,"column":38}},"163":{"start":{"line":164,"column":0},"end":{"line":164,"column":67}},"164":{"start":{"line":165,"column":0},"end":{"line":165,"column":20}},"165":{"start":{"line":166,"column":0},"end":{"line":166,"column":22}},"166":{"start":{"line":167,"column":0},"end":{"line":167,"column":29}},"167":{"start":{"line":168,"column":0},"end":{"line":168,"column":137}},"168":{"start":{"line":169,"column":0},"end":{"line":169,"column":44}},"169":{"start":{"line":170,"column":0},"end":{"line":170,"column":53}},"170":{"start":{"line":171,"column":0},"end":{"line":171,"column":60}},"171":{"start":{"line":172,"column":0},"end":{"line":172,"column":21}},"172":{"start":{"line":173,"column":0},"end":{"line":173,"column":47}},"173":{"start":{"line":174,"column":0},"end":{"line":174,"column":41}},"174":{"start":{"line":175,"column":0},"end":{"line":175,"column":18}},"175":{"start":{"line":176,"column":0},"end":{"line":176,"column":95}},"176":{"start":{"line":177,"column":0},"end":{"line":177,"column":20}},"179":{"start":{"line":180,"column":0},"end":{"line":180,"column":41}},"180":{"start":{"line":181,"column":0},"end":{"line":181,"column":38}},"181":{"start":{"line":182,"column":0},"end":{"line":182,"column":68}},"182":{"start":{"line":183,"column":0},"end":{"line":183,"column":20}},"183":{"start":{"line":184,"column":0},"end":{"line":184,"column":22}},"184":{"start":{"line":185,"column":0},"end":{"line":185,"column":29}},"185":{"start":{"line":186,"column":0},"end":{"line":186,"column":140}},"186":{"start":{"line":187,"column":0},"end":{"line":187,"column":45}},"187":{"start":{"line":188,"column":0},"end":{"line":188,"column":54}},"188":{"start":{"line":189,"column":0},"end":{"line":189,"column":61}},"189":{"start":{"line":190,"column":0},"end":{"line":190,"column":21}},"190":{"start":{"line":191,"column":0},"end":{"line":191,"column":48}},"191":{"start":{"line":192,"column":0},"end":{"line":192,"column":41}},"192":{"start":{"line":193,"column":0},"end":{"line":193,"column":18}},"193":{"start":{"line":194,"column":0},"end":{"line":194,"column":97}},"194":{"start":{"line":195,"column":0},"end":{"line":195,"column":20}},"197":{"start":{"line":198,"column":0},"end":{"line":198,"column":41}},"198":{"start":{"line":199,"column":0},"end":{"line":199,"column":58}},"199":{"start":{"line":200,"column":0},"end":{"line":200,"column":22}},"200":{"start":{"line":201,"column":0},"end":{"line":201,"column":29}},"201":{"start":{"line":202,"column":0},"end":{"line":202,"column":40}},"202":{"start":{"line":203,"column":0},"end":{"line":203,"column":46}},"203":{"start":{"line":204,"column":0},"end":{"line":204,"column":62}},"204":{"start":{"line":205,"column":0},"end":{"line":205,"column":21}},"205":{"start":{"line":206,"column":0},"end":{"line":206,"column":55}},"206":{"start":{"line":207,"column":0},"end":{"line":207,"column":18}},"207":{"start":{"line":208,"column":0},"end":{"line":208,"column":20}},"210":{"start":{"line":211,"column":0},"end":{"line":211,"column":41}},"211":{"start":{"line":212,"column":0},"end":{"line":212,"column":38}},"212":{"start":{"line":213,"column":0},"end":{"line":213,"column":64}},"213":{"start":{"line":214,"column":0},"end":{"line":214,"column":20}},"214":{"start":{"line":215,"column":0},"end":{"line":215,"column":23}},"215":{"start":{"line":216,"column":0},"end":{"line":216,"column":40}},"216":{"start":{"line":217,"column":0},"end":{"line":217,"column":43}},"217":{"start":{"line":218,"column":0},"end":{"line":218,"column":53}},"218":{"start":{"line":219,"column":0},"end":{"line":219,"column":59}},"219":{"start":{"line":220,"column":0},"end":{"line":220,"column":21}},"221":{"start":{"line":222,"column":0},"end":{"line":222,"column":57}},"222":{"start":{"line":223,"column":0},"end":{"line":223,"column":53}},"223":{"start":{"line":224,"column":0},"end":{"line":224,"column":55}},"224":{"start":{"line":225,"column":0},"end":{"line":225,"column":55}},"225":{"start":{"line":226,"column":0},"end":{"line":226,"column":55}},"226":{"start":{"line":227,"column":0},"end":{"line":227,"column":25}},"227":{"start":{"line":228,"column":0},"end":{"line":228,"column":93}},"228":{"start":{"line":229,"column":0},"end":{"line":229,"column":20}},"231":{"start":{"line":232,"column":0},"end":{"line":232,"column":41}},"232":{"start":{"line":233,"column":0},"end":{"line":233,"column":38}},"233":{"start":{"line":234,"column":0},"end":{"line":234,"column":63}},"234":{"start":{"line":235,"column":0},"end":{"line":235,"column":20}},"235":{"start":{"line":236,"column":0},"end":{"line":236,"column":22}},"236":{"start":{"line":237,"column":0},"end":{"line":237,"column":30}},"237":{"start":{"line":238,"column":0},"end":{"line":238,"column":128}},"238":{"start":{"line":239,"column":0},"end":{"line":239,"column":41}},"239":{"start":{"line":240,"column":0},"end":{"line":240,"column":50}},"240":{"start":{"line":241,"column":0},"end":{"line":241,"column":30}},"241":{"start":{"line":242,"column":0},"end":{"line":242,"column":44}},"242":{"start":{"line":243,"column":0},"end":{"line":243,"column":55}},"243":{"start":{"line":244,"column":0},"end":{"line":244,"column":22}},"244":{"start":{"line":245,"column":0},"end":{"line":245,"column":57}},"245":{"start":{"line":246,"column":0},"end":{"line":246,"column":21}},"246":{"start":{"line":247,"column":0},"end":{"line":247,"column":46}},"247":{"start":{"line":248,"column":0},"end":{"line":248,"column":41}},"248":{"start":{"line":249,"column":0},"end":{"line":249,"column":18}},"249":{"start":{"line":250,"column":0},"end":{"line":250,"column":89}},"250":{"start":{"line":251,"column":0},"end":{"line":251,"column":20}},"253":{"start":{"line":254,"column":0},"end":{"line":254,"column":41}},"254":{"start":{"line":255,"column":0},"end":{"line":255,"column":62}},"255":{"start":{"line":256,"column":0},"end":{"line":256,"column":71}},"256":{"start":{"line":257,"column":0},"end":{"line":257,"column":24}},"257":{"start":{"line":258,"column":0},"end":{"line":258,"column":22}},"258":{"start":{"line":259,"column":0},"end":{"line":259,"column":32}},"259":{"start":{"line":260,"column":0},"end":{"line":260,"column":128}},"260":{"start":{"line":261,"column":0},"end":{"line":261,"column":29}},"261":{"start":{"line":262,"column":0},"end":{"line":262,"column":41}},"262":{"start":{"line":263,"column":0},"end":{"line":263,"column":58}},"263":{"start":{"line":264,"column":0},"end":{"line":264,"column":42}},"264":{"start":{"line":265,"column":0},"end":{"line":265,"column":56}},"265":{"start":{"line":266,"column":0},"end":{"line":266,"column":47}},"266":{"start":{"line":267,"column":0},"end":{"line":267,"column":78}},"267":{"start":{"line":268,"column":0},"end":{"line":268,"column":80}},"269":{"start":{"line":270,"column":0},"end":{"line":270,"column":104}},"270":{"start":{"line":271,"column":0},"end":{"line":271,"column":30}},"271":{"start":{"line":272,"column":0},"end":{"line":272,"column":23}},"273":{"start":{"line":274,"column":0},"end":{"line":274,"column":78}},"274":{"start":{"line":275,"column":0},"end":{"line":275,"column":22}},"275":{"start":{"line":276,"column":0},"end":{"line":276,"column":57}},"276":{"start":{"line":277,"column":0},"end":{"line":277,"column":21}},"277":{"start":{"line":278,"column":0},"end":{"line":278,"column":18}},"278":{"start":{"line":279,"column":0},"end":{"line":279,"column":89}},"279":{"start":{"line":280,"column":0},"end":{"line":280,"column":20}},"282":{"start":{"line":283,"column":0},"end":{"line":283,"column":41}},"283":{"start":{"line":284,"column":0},"end":{"line":284,"column":38}},"284":{"start":{"line":285,"column":0},"end":{"line":285,"column":73}},"285":{"start":{"line":286,"column":0},"end":{"line":286,"column":20}},"286":{"start":{"line":287,"column":0},"end":{"line":287,"column":22}},"287":{"start":{"line":288,"column":0},"end":{"line":288,"column":158}},"288":{"start":{"line":289,"column":0},"end":{"line":289,"column":51}},"289":{"start":{"line":290,"column":0},"end":{"line":290,"column":65}},"290":{"start":{"line":291,"column":0},"end":{"line":291,"column":30}},"291":{"start":{"line":292,"column":0},"end":{"line":292,"column":39}},"292":{"start":{"line":293,"column":0},"end":{"line":293,"column":66}},"293":{"start":{"line":294,"column":0},"end":{"line":294,"column":22}},"294":{"start":{"line":295,"column":0},"end":{"line":295,"column":67}},"295":{"start":{"line":296,"column":0},"end":{"line":296,"column":21}},"296":{"start":{"line":297,"column":0},"end":{"line":297,"column":36}},"297":{"start":{"line":298,"column":0},"end":{"line":298,"column":41}},"298":{"start":{"line":299,"column":0},"end":{"line":299,"column":18}},"299":{"start":{"line":300,"column":0},"end":{"line":300,"column":109}},"300":{"start":{"line":301,"column":0},"end":{"line":301,"column":20}},"303":{"start":{"line":304,"column":0},"end":{"line":304,"column":41}},"304":{"start":{"line":305,"column":0},"end":{"line":305,"column":38}},"305":{"start":{"line":306,"column":0},"end":{"line":306,"column":78}},"306":{"start":{"line":307,"column":0},"end":{"line":307,"column":20}},"307":{"start":{"line":308,"column":0},"end":{"line":308,"column":22}},"308":{"start":{"line":309,"column":0},"end":{"line":309,"column":149}},"309":{"start":{"line":310,"column":0},"end":{"line":310,"column":48}},"310":{"start":{"line":311,"column":0},"end":{"line":311,"column":65}},"311":{"start":{"line":312,"column":0},"end":{"line":312,"column":30}},"312":{"start":{"line":313,"column":0},"end":{"line":313,"column":39}},"313":{"start":{"line":314,"column":0},"end":{"line":314,"column":66}},"314":{"start":{"line":315,"column":0},"end":{"line":315,"column":22}},"315":{"start":{"line":316,"column":0},"end":{"line":316,"column":64}},"316":{"start":{"line":317,"column":0},"end":{"line":317,"column":21}},"317":{"start":{"line":318,"column":0},"end":{"line":318,"column":38}},"318":{"start":{"line":319,"column":0},"end":{"line":319,"column":41}},"319":{"start":{"line":320,"column":0},"end":{"line":320,"column":18}},"320":{"start":{"line":321,"column":0},"end":{"line":321,"column":103}},"321":{"start":{"line":322,"column":0},"end":{"line":322,"column":20}},"322":{"start":{"line":323,"column":0},"end":{"line":323,"column":18}},"323":{"start":{"line":324,"column":0},"end":{"line":324,"column":79}},"324":{"start":{"line":325,"column":0},"end":{"line":325,"column":28}},"325":{"start":{"line":326,"column":0},"end":{"line":326,"column":18}},"335":{"start":{"line":336,"column":0},"end":{"line":336,"column":70}},"336":{"start":{"line":337,"column":0},"end":{"line":337,"column":19}},"338":{"start":{"line":339,"column":0},"end":{"line":339,"column":26}},"340":{"start":{"line":341,"column":0},"end":{"line":341,"column":21}},"341":{"start":{"line":342,"column":0},"end":{"line":342,"column":17}},"342":{"start":{"line":343,"column":0},"end":{"line":343,"column":14}},"343":{"start":{"line":344,"column":0},"end":{"line":344,"column":12}},"344":{"start":{"line":345,"column":0},"end":{"line":345,"column":14}},"346":{"start":{"line":347,"column":0},"end":{"line":347,"column":2}},"348":{"start":{"line":349,"column":0},"end":{"line":349,"column":25}}},"s":{"0":1,"1":1,"2":1,"3":1,"5":1,"6":1,"7":1,"8":1,"15":1,"28":1,"29":23,"30":23,"31":23,"32":23,"33":23,"34":23,"36":23,"37":23,"38":23,"39":23,"40":23,"41":23,"42":23,"43":23,"45":23,"46":7,"47":0,"48":0,"49":23,"51":23,"52":14,"53":14,"54":23,"56":23,"57":0,"58":0,"59":0,"60":0,"61":0,"62":0,"63":0,"64":0,"65":0,"66":0,"67":0,"68":0,"69":0,"70":0,"72":0,"73":0,"74":0,"75":0,"76":0,"77":0,"78":0,"80":0,"81":0,"82":0,"84":0,"85":0,"86":0,"88":0,"89":0,"90":0,"91":0,"92":0,"93":0,"94":0,"95":0,"96":0,"98":23,"99":0,"100":0,"102":23,"103":23,"104":7,"105":7,"107":23,"108":23,"109":23,"110":23,"111":23,"112":23,"113":23,"114":23,"115":23,"116":23,"117":23,"119":23,"120":23,"121":23,"122":23,"123":23,"124":23,"125":23,"126":23,"127":23,"128":23,"129":23,"131":23,"132":23,"133":23,"134":23,"135":23,"136":23,"137":23,"138":23,"139":23,"140":23,"141":23,"142":23,"143":23,"144":23,"145":23,"146":23,"147":23,"148":23,"149":23,"150":23,"151":23,"152":23,"153":23,"154":23,"156":23,"157":23,"158":23,"159":23,"161":23,"162":23,"163":23,"164":23,"165":23,"166":23,"167":23,"168":23,"169":23,"170":23,"171":23,"172":23,"173":23,"174":23,"175":23,"176":23,"179":23,"180":23,"181":23,"182":23,"183":23,"184":23,"185":23,"186":23,"187":23,"188":23,"189":23,"190":23,"191":23,"192":23,"193":23,"194":23,"197":23,"198":23,"199":23,"200":23,"201":23,"202":23,"203":23,"204":23,"205":23,"206":23,"207":23,"210":23,"211":23,"212":23,"213":23,"214":23,"215":23,"216":23,"217":23,"218":23,"219":23,"221":23,"222":23,"223":23,"224":23,"225":23,"226":23,"227":23,"228":23,"231":23,"232":23,"233":23,"234":23,"235":23,"236":23,"237":23,"238":23,"239":23,"240":23,"241":23,"242":23,"243":23,"244":23,"245":23,"246":23,"247":23,"248":23,"249":23,"250":23,"253":23,"254":23,"255":23,"256":23,"257":23,"258":23,"259":23,"260":23,"261":23,"262":23,"263":23,"264":1,"265":1,"266":1,"267":1,"269":1,"270":0,"271":0,"273":1,"274":1,"275":23,"276":23,"277":23,"278":23,"279":23,"282":23,"283":23,"284":23,"285":23,"286":23,"287":23,"288":23,"289":23,"290":23,"291":23,"292":23,"293":23,"294":23,"295":23,"296":23,"297":23,"298":23,"299":23,"300":23,"303":23,"304":23,"305":23,"306":23,"307":23,"308":23,"309":23,"310":23,"311":23,"312":23,"313":23,"314":23,"315":23,"316":23,"317":23,"318":23,"319":23,"320":23,"321":23,"322":23,"323":23,"324":23,"325":0,"335":0,"336":0,"338":22,"340":23,"341":23,"342":23,"343":23,"344":23,"346":23,"348":1},"branchMap":{"0":{"type":"branch","line":29,"loc":{"start":{"line":29,"column":28},"end":{"line":347,"column":2}},"locations":[{"start":{"line":29,"column":28},"end":{"line":347,"column":2}}]},"1":{"type":"branch","line":168,"loc":{"start":{"line":168,"column":50},"end":{"line":168,"column":71}},"locations":[{"start":{"line":168,"column":50},"end":{"line":168,"column":71}}]},"2":{"type":"branch","line":168,"loc":{"start":{"line":168,"column":61},"end":{"line":168,"column":73}},"locations":[{"start":{"line":168,"column":61},"end":{"line":168,"column":73}}]},"3":{"type":"branch","line":168,"loc":{"start":{"line":168,"column":89},"end":{"line":168,"column":120}},"locations":[{"start":{"line":168,"column":89},"end":{"line":168,"column":120}}]},"4":{"type":"branch","line":168,"loc":{"start":{"line":168,"column":109},"end":{"line":168,"column":132}},"locations":[{"start":{"line":168,"column":109},"end":{"line":168,"column":132}}]},"5":{"type":"branch","line":168,"loc":{"start":{"line":168,"column":120},"end":{"line":168,"column":134}},"locations":[{"start":{"line":168,"column":120},"end":{"line":168,"column":134}}]},"6":{"type":"branch","line":176,"loc":{"start":{"line":176,"column":24},"end":{"line":176,"column":95}},"locations":[{"start":{"line":176,"column":24},"end":{"line":176,"column":95}}]},"7":{"type":"branch","line":186,"loc":{"start":{"line":186,"column":50},"end":{"line":186,"column":72}},"locations":[{"start":{"line":186,"column":50},"end":{"line":186,"column":72}}]},"8":{"type":"branch","line":186,"loc":{"start":{"line":186,"column":62},"end":{"line":186,"column":74}},"locations":[{"start":{"line":186,"column":62},"end":{"line":186,"column":74}}]},"9":{"type":"branch","line":186,"loc":{"start":{"line":186,"column":90},"end":{"line":186,"column":123}},"locations":[{"start":{"line":186,"column":90},"end":{"line":186,"column":123}}]},"10":{"type":"branch","line":186,"loc":{"start":{"line":186,"column":111},"end":{"line":186,"column":135}},"locations":[{"start":{"line":186,"column":111},"end":{"line":186,"column":135}}]},"11":{"type":"branch","line":186,"loc":{"start":{"line":186,"column":123},"end":{"line":186,"column":137}},"locations":[{"start":{"line":186,"column":123},"end":{"line":186,"column":137}}]},"12":{"type":"branch","line":194,"loc":{"start":{"line":194,"column":24},"end":{"line":194,"column":97}},"locations":[{"start":{"line":194,"column":24},"end":{"line":194,"column":97}}]},"13":{"type":"branch","line":228,"loc":{"start":{"line":228,"column":24},"end":{"line":228,"column":93}},"locations":[{"start":{"line":228,"column":24},"end":{"line":228,"column":93}}]},"14":{"type":"branch","line":238,"loc":{"start":{"line":238,"column":50},"end":{"line":238,"column":68}},"locations":[{"start":{"line":238,"column":50},"end":{"line":238,"column":68}}]},"15":{"type":"branch","line":238,"loc":{"start":{"line":238,"column":58},"end":{"line":238,"column":70}},"locations":[{"start":{"line":238,"column":58},"end":{"line":238,"column":70}}]},"16":{"type":"branch","line":238,"loc":{"start":{"line":238,"column":86},"end":{"line":238,"column":111}},"locations":[{"start":{"line":238,"column":86},"end":{"line":238,"column":111}}]},"17":{"type":"branch","line":238,"loc":{"start":{"line":238,"column":103},"end":{"line":238,"column":123}},"locations":[{"start":{"line":238,"column":103},"end":{"line":238,"column":123}}]},"18":{"type":"branch","line":238,"loc":{"start":{"line":238,"column":111},"end":{"line":238,"column":125}},"locations":[{"start":{"line":238,"column":111},"end":{"line":238,"column":125}}]},"19":{"type":"branch","line":250,"loc":{"start":{"line":250,"column":24},"end":{"line":250,"column":89}},"locations":[{"start":{"line":250,"column":24},"end":{"line":250,"column":89}}]},"20":{"type":"branch","line":260,"loc":{"start":{"line":260,"column":50},"end":{"line":260,"column":68}},"locations":[{"start":{"line":260,"column":50},"end":{"line":260,"column":68}}]},"21":{"type":"branch","line":260,"loc":{"start":{"line":260,"column":58},"end":{"line":260,"column":70}},"locations":[{"start":{"line":260,"column":58},"end":{"line":260,"column":70}}]},"22":{"type":"branch","line":260,"loc":{"start":{"line":260,"column":86},"end":{"line":260,"column":111}},"locations":[{"start":{"line":260,"column":86},"end":{"line":260,"column":111}}]},"23":{"type":"branch","line":260,"loc":{"start":{"line":260,"column":103},"end":{"line":260,"column":123}},"locations":[{"start":{"line":260,"column":103},"end":{"line":260,"column":123}}]},"24":{"type":"branch","line":260,"loc":{"start":{"line":260,"column":111},"end":{"line":260,"column":125}},"locations":[{"start":{"line":260,"column":111},"end":{"line":260,"column":125}}]},"25":{"type":"branch","line":279,"loc":{"start":{"line":279,"column":24},"end":{"line":279,"column":89}},"locations":[{"start":{"line":279,"column":24},"end":{"line":279,"column":89}}]},"26":{"type":"branch","line":288,"loc":{"start":{"line":288,"column":50},"end":{"line":288,"column":78}},"locations":[{"start":{"line":288,"column":50},"end":{"line":288,"column":78}}]},"27":{"type":"branch","line":288,"loc":{"start":{"line":288,"column":68},"end":{"line":288,"column":80}},"locations":[{"start":{"line":288,"column":68},"end":{"line":288,"column":80}}]},"28":{"type":"branch","line":288,"loc":{"start":{"line":288,"column":96},"end":{"line":288,"column":141}},"locations":[{"start":{"line":288,"column":96},"end":{"line":288,"column":141}}]},"29":{"type":"branch","line":288,"loc":{"start":{"line":288,"column":123},"end":{"line":288,"column":153}},"locations":[{"start":{"line":288,"column":123},"end":{"line":288,"column":153}}]},"30":{"type":"branch","line":288,"loc":{"start":{"line":288,"column":141},"end":{"line":288,"column":155}},"locations":[{"start":{"line":288,"column":141},"end":{"line":288,"column":155}}]},"31":{"type":"branch","line":300,"loc":{"start":{"line":300,"column":24},"end":{"line":300,"column":109}},"locations":[{"start":{"line":300,"column":24},"end":{"line":300,"column":109}}]},"32":{"type":"branch","line":309,"loc":{"start":{"line":309,"column":50},"end":{"line":309,"column":75}},"locations":[{"start":{"line":309,"column":50},"end":{"line":309,"column":75}}]},"33":{"type":"branch","line":309,"loc":{"start":{"line":309,"column":65},"end":{"line":309,"column":77}},"locations":[{"start":{"line":309,"column":65},"end":{"line":309,"column":77}}]},"34":{"type":"branch","line":309,"loc":{"start":{"line":309,"column":93},"end":{"line":309,"column":132}},"locations":[{"start":{"line":309,"column":93},"end":{"line":309,"column":132}}]},"35":{"type":"branch","line":309,"loc":{"start":{"line":309,"column":117},"end":{"line":309,"column":144}},"locations":[{"start":{"line":309,"column":117},"end":{"line":309,"column":144}}]},"36":{"type":"branch","line":309,"loc":{"start":{"line":309,"column":132},"end":{"line":309,"column":146}},"locations":[{"start":{"line":309,"column":132},"end":{"line":309,"column":146}}]},"37":{"type":"branch","line":321,"loc":{"start":{"line":321,"column":24},"end":{"line":321,"column":103}},"locations":[{"start":{"line":321,"column":24},"end":{"line":321,"column":103}}]},"38":{"type":"branch","line":325,"loc":{"start":{"line":325,"column":15},"end":{"line":337,"column":19}},"locations":[{"start":{"line":325,"column":15},"end":{"line":337,"column":19}}]},"39":{"type":"branch","line":337,"loc":{"start":{"line":337,"column":16},"end":{"line":339,"column":26}},"locations":[{"start":{"line":337,"column":16},"end":{"line":339,"column":26}}]},"40":{"type":"branch","line":31,"loc":{"start":{"line":31,"column":35},"end":{"line":31,"column":78}},"locations":[{"start":{"line":31,"column":35},"end":{"line":31,"column":78}}]},"41":{"type":"branch","line":46,"loc":{"start":{"line":46,"column":12},"end":{"line":50,"column":5}},"locations":[{"start":{"line":46,"column":12},"end":{"line":50,"column":5}}]},"42":{"type":"branch","line":47,"loc":{"start":{"line":47,"column":26},"end":{"line":47,"column":66}},"locations":[{"start":{"line":47,"column":26},"end":{"line":47,"column":66}}]},"43":{"type":"branch","line":47,"loc":{"start":{"line":47,"column":66},"end":{"line":49,"column":5}},"locations":[{"start":{"line":47,"column":66},"end":{"line":49,"column":5}}]},"44":{"type":"branch","line":52,"loc":{"start":{"line":52,"column":12},"end":{"line":55,"column":5}},"locations":[{"start":{"line":52,"column":12},"end":{"line":55,"column":5}}]},"45":{"type":"branch","line":104,"loc":{"start":{"line":104,"column":4},"end":{"line":106,"column":6}},"locations":[{"start":{"line":104,"column":4},"end":{"line":106,"column":6}}]},"46":{"type":"branch","line":104,"loc":{"start":{"line":104,"column":33},"end":{"line":106,"column":6}},"locations":[{"start":{"line":104,"column":33},"end":{"line":106,"column":6}}]},"47":{"type":"branch","line":264,"loc":{"start":{"line":264,"column":30},"end":{"line":275,"column":22}},"locations":[{"start":{"line":264,"column":30},"end":{"line":275,"column":22}}]},"48":{"type":"branch","line":270,"loc":{"start":{"line":270,"column":58},"end":{"line":270,"column":103}},"locations":[{"start":{"line":270,"column":58},"end":{"line":270,"column":103}}]},"49":{"type":"branch","line":270,"loc":{"start":{"line":270,"column":103},"end":{"line":272,"column":23}},"locations":[{"start":{"line":270,"column":103},"end":{"line":272,"column":23}}]},"50":{"type":"branch","line":274,"loc":{"start":{"line":274,"column":36},"end":{"line":274,"column":78}},"locations":[{"start":{"line":274,"column":36},"end":{"line":274,"column":78}}]}},"b":{"0":[23],"1":[0],"2":[22],"3":[1],"4":[1],"5":[21],"6":[0],"7":[0],"8":[22],"9":[1],"10":[1],"11":[21],"12":[0],"13":[0],"14":[0],"15":[22],"16":[1],"17":[1],"18":[21],"19":[0],"20":[0],"21":[22],"22":[1],"23":[1],"24":[21],"25":[0],"26":[0],"27":[22],"28":[1],"29":[1],"30":[21],"31":[0],"32":[0],"33":[22],"34":[1],"35":[1],"36":[21],"37":[0],"38":[0],"39":[22],"40":[37],"41":[7],"42":[0],"43":[0],"44":[14],"45":[176],"46":[7],"47":[1],"48":[0],"49":[0],"50":[0]},"fnMap":{"0":{"name":"ApplyForm","decl":{"start":{"line":29,"column":28},"end":{"line":347,"column":2}},"loc":{"start":{"line":29,"column":28},"end":{"line":347,"column":2}},"line":29},"1":{"name":"onSubmit","decl":{"start":{"line":57,"column":19},"end":{"line":97,"column":4}},"loc":{"start":{"line":57,"column":19},"end":{"line":97,"column":4}},"line":57},"2":{"name":"trimWhitespace","decl":{"start":{"line":99,"column":25},"end":{"line":101,"column":4}},"loc":{"start":{"line":99,"column":25},"end":{"line":101,"column":4}},"line":99},"3":{"name":"handleInputChange","decl":{"start":{"line":104,"column":4},"end":{"line":106,"column":6}},"loc":{"start":{"line":104,"column":4},"end":{"line":106,"column":6}},"line":104},"4":{"name":"onChange","decl":{"start":{"line":128,"column":26},"end":{"line":128,"column":67}},"loc":{"start":{"line":128,"column":26},"end":{"line":128,"column":67}},"line":128},"5":{"name":"onChange","decl":{"start":{"line":140,"column":28},"end":{"line":140,"column":69}},"loc":{"start":{"line":140,"column":28},"end":{"line":140,"column":69}},"line":140},"6":{"name":"validate","decl":{"start":{"line":264,"column":30},"end":{"line":275,"column":22}},"loc":{"start":{"line":264,"column":30},"end":{"line":275,"column":22}},"line":264}},"f":{"0":23,"1":0,"2":0,"3":176,"4":0,"5":0,"6":1}}
,"/home/tam/Yandex/CODINGTRAINING/NEOFLEX/neobank3/neobank/neobank/src/App/pages/CreditCard/CardInfo/CardInfo.tsx": {"path":"/home/tam/Yandex/CODINGTRAINING/NEOFLEX/neobank3/neobank/neobank/src/App/pages/CreditCard/CardInfo/CardInfo.tsx","all":false,"statementMap":{"0":{"start":{"line":1,"column":0},"end":{"line":1,"column":71}},"1":{"start":{"line":2,"column":0},"end":{"line":2,"column":25}},"2":{"start":{"line":3,"column":0},"end":{"line":3,"column":41}},"3":{"start":{"line":4,"column":0},"end":{"line":4,"column":68}},"5":{"start":{"line":6,"column":0},"end":{"line":6,"column":34}},"6":{"start":{"line":7,"column":0},"end":{"line":7,"column":33}},"7":{"start":{"line":8,"column":0},"end":{"line":8,"column":33}},"9":{"start":{"line":10,"column":0},"end":{"line":10,"column":19}},"10":{"start":{"line":11,"column":0},"end":{"line":11,"column":40}},"11":{"start":{"line":12,"column":0},"end":{"line":12,"column":56}},"12":{"start":{"line":13,"column":0},"end":{"line":13,"column":5}},"13":{"start":{"line":14,"column":0},"end":{"line":14,"column":27}},"15":{"start":{"line":16,"column":0},"end":{"line":16,"column":10}},"16":{"start":{"line":17,"column":0},"end":{"line":17,"column":13}},"17":{"start":{"line":18,"column":0},"end":{"line":18,"column":40}},"18":{"start":{"line":19,"column":0},"end":{"line":19,"column":29}},"19":{"start":{"line":20,"column":0},"end":{"line":20,"column":18}},"20":{"start":{"line":21,"column":0},"end":{"line":21,"column":12}},"21":{"start":{"line":22,"column":0},"end":{"line":22,"column":14}},"23":{"start":{"line":24,"column":0},"end":{"line":24,"column":2}},"25":{"start":{"line":26,"column":0},"end":{"line":26,"column":24}}},"s":{"0":1,"1":1,"2":1,"3":1,"5":1,"6":3,"7":3,"9":3,"10":3,"11":3,"12":3,"13":3,"15":3,"16":3,"17":3,"18":3,"19":3,"20":3,"21":3,"23":3,"25":1},"branchMap":{"0":{"type":"branch","line":6,"loc":{"start":{"line":6,"column":27},"end":{"line":24,"column":2}},"locations":[{"start":{"line":6,"column":27},"end":{"line":24,"column":2}}]},"1":{"type":"branch","line":10,"loc":{"start":{"line":10,"column":12},"end":{"line":14,"column":5}},"locations":[{"start":{"line":10,"column":12},"end":{"line":14,"column":5}}]}},"b":{"0":[3],"1":[3]},"fnMap":{"0":{"name":"CardInfo","decl":{"start":{"line":6,"column":27},"end":{"line":24,"column":2}},"loc":{"start":{"line":6,"column":27},"end":{"line":24,"column":2}},"line":6}},"f":{"0":3}}
,"/home/tam/Yandex/CODINGTRAINING/NEOFLEX/neobank3/neobank/neobank/src/App/pages/CreditCard/CardInfo/AboutCard/AboutCard.tsx": {"path":"/home/tam/Yandex/CODINGTRAINING/NEOFLEX/neobank3/neobank/neobank/src/App/pages/CreditCard/CardInfo/AboutCard/AboutCard.tsx","all":false,"statementMap":{"0":{"start":{"line":1,"column":0},"end":{"line":1,"column":26}},"1":{"start":{"line":2,"column":0},"end":{"line":2,"column":26}},"2":{"start":{"line":3,"column":0},"end":{"line":3,"column":44}},"3":{"start":{"line":4,"column":0},"end":{"line":4,"column":40}},"4":{"start":{"line":5,"column":0},"end":{"line":5,"column":50}},"5":{"start":{"line":6,"column":0},"end":{"line":6,"column":42}},"6":{"start":{"line":7,"column":0},"end":{"line":7,"column":44}},"8":{"start":{"line":9,"column":0},"end":{"line":9,"column":35}},"9":{"start":{"line":10,"column":0},"end":{"line":10,"column":10}},"10":{"start":{"line":11,"column":0},"end":{"line":11,"column":36}},"11":{"start":{"line":12,"column":0},"end":{"line":12,"column":50}},"12":{"start":{"line":13,"column":0},"end":{"line":13,"column":44}},"13":{"start":{"line":14,"column":0},"end":{"line":14,"column":66}},"14":{"start":{"line":15,"column":0},"end":{"line":15,"column":100}},"15":{"start":{"line":16,"column":0},"end":{"line":16,"column":16}},"16":{"start":{"line":17,"column":0},"end":{"line":17,"column":50}},"17":{"start":{"line":18,"column":0},"end":{"line":18,"column":50}},"18":{"start":{"line":19,"column":0},"end":{"line":19,"column":67}},"19":{"start":{"line":20,"column":0},"end":{"line":20,"column":78}},"20":{"start":{"line":21,"column":0},"end":{"line":21,"column":16}},"21":{"start":{"line":22,"column":0},"end":{"line":22,"column":50}},"22":{"start":{"line":23,"column":0},"end":{"line":23,"column":44}},"23":{"start":{"line":24,"column":0},"end":{"line":24,"column":66}},"24":{"start":{"line":25,"column":0},"end":{"line":25,"column":47}},"26":{"start":{"line":27,"column":0},"end":{"line":27,"column":12}},"27":{"start":{"line":28,"column":0},"end":{"line":28,"column":16}},"28":{"start":{"line":29,"column":0},"end":{"line":29,"column":50}},"29":{"start":{"line":30,"column":0},"end":{"line":30,"column":40}},"30":{"start":{"line":31,"column":0},"end":{"line":31,"column":68}},"31":{"start":{"line":32,"column":0},"end":{"line":32,"column":47}},"33":{"start":{"line":34,"column":0},"end":{"line":34,"column":12}},"34":{"start":{"line":35,"column":0},"end":{"line":35,"column":16}},"35":{"start":{"line":36,"column":0},"end":{"line":36,"column":50}},"36":{"start":{"line":37,"column":0},"end":{"line":37,"column":49}},"37":{"start":{"line":38,"column":0},"end":{"line":38,"column":86}},"38":{"start":{"line":39,"column":0},"end":{"line":39,"column":47}},"40":{"start":{"line":41,"column":0},"end":{"line":41,"column":12}},"41":{"start":{"line":42,"column":0},"end":{"line":42,"column":16}},"42":{"start":{"line":43,"column":0},"end":{"line":43,"column":14}},"44":{"start":{"line":45,"column":0},"end":{"line":45,"column":2}},"46":{"start":{"line":47,"column":0},"end":{"line":47,"column":25}}},"s":{"0":1,"1":1,"2":1,"3":1,"4":1,"5":1,"6":1,"8":1,"9":2,"10":2,"11":2,"12":2,"13":2,"14":2,"15":2,"16":2,"17":2,"18":2,"19":2,"20":2,"21":2,"22":2,"23":2,"24":2,"26":2,"27":2,"28":2,"29":2,"30":2,"31":2,"33":2,"34":2,"35":2,"36":2,"37":2,"38":2,"40":2,"41":2,"42":2,"44":2,"46":1},"branchMap":{"0":{"type":"branch","line":9,"loc":{"start":{"line":9,"column":28},"end":{"line":45,"column":2}},"locations":[{"start":{"line":9,"column":28},"end":{"line":45,"column":2}}]}},"b":{"0":[2]},"fnMap":{"0":{"name":"AboutCard","decl":{"start":{"line":9,"column":28},"end":{"line":45,"column":2}},"loc":{"start":{"line":9,"column":28},"end":{"line":45,"column":2}},"line":9}},"f":{"0":2}}
,"/home/tam/Yandex/CODINGTRAINING/NEOFLEX/neobank3/neobank/neobank/src/App/pages/CreditCard/CardInfo/Cashback/Cashback.tsx": {"path":"/home/tam/Yandex/CODINGTRAINING/NEOFLEX/neobank3/neobank/neobank/src/App/pages/CreditCard/CardInfo/Cashback/Cashback.tsx","all":false,"statementMap":{"0":{"start":{"line":1,"column":0},"end":{"line":1,"column":26}},"1":{"start":{"line":2,"column":0},"end":{"line":2,"column":25}},"3":{"start":{"line":4,"column":0},"end":{"line":4,"column":34}},"4":{"start":{"line":5,"column":0},"end":{"line":5,"column":10}},"5":{"start":{"line":6,"column":0},"end":{"line":6,"column":13}},"6":{"start":{"line":7,"column":0},"end":{"line":7,"column":37}},"7":{"start":{"line":8,"column":0},"end":{"line":8,"column":50}},"8":{"start":{"line":9,"column":0},"end":{"line":9,"column":96}},"9":{"start":{"line":10,"column":0},"end":{"line":10,"column":58}},"10":{"start":{"line":11,"column":0},"end":{"line":11,"column":14}},"11":{"start":{"line":12,"column":0},"end":{"line":12,"column":49}},"12":{"start":{"line":13,"column":0},"end":{"line":13,"column":93}},"13":{"start":{"line":14,"column":0},"end":{"line":14,"column":58}},"14":{"start":{"line":15,"column":0},"end":{"line":15,"column":14}},"15":{"start":{"line":16,"column":0},"end":{"line":16,"column":50}},"16":{"start":{"line":17,"column":0},"end":{"line":17,"column":95}},"17":{"start":{"line":18,"column":0},"end":{"line":18,"column":58}},"18":{"start":{"line":19,"column":0},"end":{"line":19,"column":14}},"19":{"start":{"line":20,"column":0},"end":{"line":20,"column":49}},"20":{"start":{"line":21,"column":0},"end":{"line":21,"column":105}},"21":{"start":{"line":22,"column":0},"end":{"line":22,"column":58}},"22":{"start":{"line":23,"column":0},"end":{"line":23,"column":14}},"23":{"start":{"line":24,"column":0},"end":{"line":24,"column":50}},"24":{"start":{"line":25,"column":0},"end":{"line":25,"column":81}},"25":{"start":{"line":26,"column":0},"end":{"line":26,"column":64}},"26":{"start":{"line":27,"column":0},"end":{"line":27,"column":14}},"27":{"start":{"line":28,"column":0},"end":{"line":28,"column":49}},"28":{"start":{"line":29,"column":0},"end":{"line":29,"column":83}},"29":{"start":{"line":30,"column":0},"end":{"line":30,"column":59}},"30":{"start":{"line":31,"column":0},"end":{"line":31,"column":14}},"31":{"start":{"line":32,"column":0},"end":{"line":32,"column":12}},"32":{"start":{"line":33,"column":0},"end":{"line":33,"column":14}},"34":{"start":{"line":35,"column":0},"end":{"line":35,"column":2}},"36":{"start":{"line":37,"column":0},"end":{"line":37,"column":24}}},"s":{"0":1,"1":1,"3":1,"4":2,"5":2,"6":2,"7":2,"8":2,"9":2,"10":2,"11":2,"12":2,"13":2,"14":2,"15":2,"16":2,"17":2,"18":2,"19":2,"20":2,"21":2,"22":2,"23":2,"24":2,"25":2,"26":2,"27":2,"28":2,"29":2,"30":2,"31":2,"32":2,"34":2,"36":1},"branchMap":{"0":{"type":"branch","line":4,"loc":{"start":{"line":4,"column":27},"end":{"line":35,"column":2}},"locations":[{"start":{"line":4,"column":27},"end":{"line":35,"column":2}}]}},"b":{"0":[2]},"fnMap":{"0":{"name":"Cashback","decl":{"start":{"line":4,"column":27},"end":{"line":35,"column":2}},"loc":{"start":{"line":4,"column":27},"end":{"line":35,"column":2}},"line":4}},"f":{"0":2}}
,"/home/tam/Yandex/CODINGTRAINING/NEOFLEX/neobank3/neobank/neobank/src/App/pages/CreditCard/CardInfo/FAQ/FAQ.tsx": {"path":"/home/tam/Yandex/CODINGTRAINING/NEOFLEX/neobank3/neobank/neobank/src/App/pages/CreditCard/CardInfo/FAQ/FAQ.tsx","all":false,"statementMap":{"0":{"start":{"line":1,"column":0},"end":{"line":1,"column":40}},"1":{"start":{"line":2,"column":0},"end":{"line":2,"column":20}},"13":{"start":{"line":14,"column":0},"end":{"line":14,"column":29}},"14":{"start":{"line":15,"column":0},"end":{"line":15,"column":83}},"16":{"start":{"line":17,"column":0},"end":{"line":17,"column":33}},"17":{"start":{"line":18,"column":0},"end":{"line":18,"column":5}},"18":{"start":{"line":19,"column":0},"end":{"line":19,"column":44}},"19":{"start":{"line":20,"column":0},"end":{"line":20,"column":14}},"20":{"start":{"line":21,"column":0},"end":{"line":21,"column":9}},"21":{"start":{"line":22,"column":0},"end":{"line":22,"column":41}},"22":{"start":{"line":23,"column":0},"end":{"line":23,"column":17}},"23":{"start":{"line":24,"column":0},"end":{"line":24,"column":189}},"24":{"start":{"line":25,"column":0},"end":{"line":25,"column":10}},"25":{"start":{"line":26,"column":0},"end":{"line":26,"column":9}},"26":{"start":{"line":27,"column":0},"end":{"line":27,"column":89}},"27":{"start":{"line":28,"column":0},"end":{"line":28,"column":78}},"28":{"start":{"line":29,"column":0},"end":{"line":29,"column":10}},"29":{"start":{"line":30,"column":0},"end":{"line":30,"column":9}},"30":{"start":{"line":31,"column":0},"end":{"line":31,"column":59}},"31":{"start":{"line":32,"column":0},"end":{"line":32,"column":48}},"32":{"start":{"line":33,"column":0},"end":{"line":33,"column":10}},"33":{"start":{"line":34,"column":0},"end":{"line":34,"column":9}},"34":{"start":{"line":35,"column":0},"end":{"line":35,"column":70}},"35":{"start":{"line":36,"column":0},"end":{"line":36,"column":118}},"36":{"start":{"line":37,"column":0},"end":{"line":37,"column":10}},"37":{"start":{"line":38,"column":0},"end":{"line":38,"column":9}},"38":{"start":{"line":39,"column":0},"end":{"line":39,"column":85}},"39":{"start":{"line":40,"column":0},"end":{"line":40,"column":104}},"40":{"start":{"line":41,"column":0},"end":{"line":41,"column":10}},"41":{"start":{"line":42,"column":0},"end":{"line":42,"column":8}},"42":{"start":{"line":43,"column":0},"end":{"line":43,"column":6}},"43":{"start":{"line":44,"column":0},"end":{"line":44,"column":5}},"44":{"start":{"line":45,"column":0},"end":{"line":45,"column":35}},"45":{"start":{"line":46,"column":0},"end":{"line":46,"column":14}},"46":{"start":{"line":47,"column":0},"end":{"line":47,"column":9}},"47":{"start":{"line":48,"column":0},"end":{"line":48,"column":60}},"48":{"start":{"line":49,"column":0},"end":{"line":49,"column":17}},"49":{"start":{"line":50,"column":0},"end":{"line":50,"column":259}},"50":{"start":{"line":51,"column":0},"end":{"line":51,"column":10}},"51":{"start":{"line":52,"column":0},"end":{"line":52,"column":9}},"52":{"start":{"line":53,"column":0},"end":{"line":53,"column":53}},"53":{"start":{"line":54,"column":0},"end":{"line":54,"column":17}},"54":{"start":{"line":55,"column":0},"end":{"line":55,"column":143}},"55":{"start":{"line":56,"column":0},"end":{"line":56,"column":10}},"56":{"start":{"line":57,"column":0},"end":{"line":57,"column":9}},"57":{"start":{"line":58,"column":0},"end":{"line":58,"column":49}},"58":{"start":{"line":59,"column":0},"end":{"line":59,"column":17}},"59":{"start":{"line":60,"column":0},"end":{"line":60,"column":357}},"60":{"start":{"line":61,"column":0},"end":{"line":61,"column":10}},"61":{"start":{"line":62,"column":0},"end":{"line":62,"column":9}},"62":{"start":{"line":63,"column":0},"end":{"line":63,"column":67}},"63":{"start":{"line":64,"column":0},"end":{"line":64,"column":17}},"64":{"start":{"line":65,"column":0},"end":{"line":65,"column":317}},"65":{"start":{"line":66,"column":0},"end":{"line":66,"column":10}},"66":{"start":{"line":67,"column":0},"end":{"line":67,"column":8}},"67":{"start":{"line":68,"column":0},"end":{"line":68,"column":6}},"68":{"start":{"line":69,"column":0},"end":{"line":69,"column":4}},"70":{"start":{"line":71,"column":0},"end":{"line":71,"column":65}},"71":{"start":{"line":72,"column":0},"end":{"line":72,"column":34}},"72":{"start":{"line":73,"column":0},"end":{"line":73,"column":19}},"73":{"start":{"line":74,"column":0},"end":{"line":74,"column":75}},"74":{"start":{"line":75,"column":0},"end":{"line":75,"column":8}},"75":{"start":{"line":76,"column":0},"end":{"line":76,"column":4}},"77":{"start":{"line":78,"column":0},"end":{"line":78,"column":10}},"78":{"start":{"line":79,"column":0},"end":{"line":79,"column":29}},"79":{"start":{"line":80,"column":0},"end":{"line":80,"column":45}},"80":{"start":{"line":81,"column":0},"end":{"line":81,"column":52}},"81":{"start":{"line":82,"column":0},"end":{"line":82,"column":60}},"82":{"start":{"line":83,"column":0},"end":{"line":83,"column":49}},"83":{"start":{"line":84,"column":0},"end":{"line":84,"column":109}},"84":{"start":{"line":85,"column":0},"end":{"line":85,"column":92}},"85":{"start":{"line":86,"column":0},"end":{"line":86,"column":69}},"86":{"start":{"line":87,"column":0},"end":{"line":87,"column":99}},"87":{"start":{"line":88,"column":0},"end":{"line":88,"column":20}},"88":{"start":{"line":89,"column":0},"end":{"line":89,"column":55}},"89":{"start":{"line":90,"column":0},"end":{"line":90,"column":45}},"90":{"start":{"line":91,"column":0},"end":{"line":91,"column":61}},"91":{"start":{"line":92,"column":0},"end":{"line":92,"column":22}},"93":{"start":{"line":94,"column":0},"end":{"line":94,"column":18}},"94":{"start":{"line":95,"column":0},"end":{"line":95,"column":13}},"95":{"start":{"line":96,"column":0},"end":{"line":96,"column":14}},"96":{"start":{"line":97,"column":0},"end":{"line":97,"column":9}},"97":{"start":{"line":98,"column":0},"end":{"line":98,"column":14}},"99":{"start":{"line":100,"column":0},"end":{"line":100,"column":2}},"101":{"start":{"line":102,"column":0},"end":{"line":102,"column":19}}},"s":{"0":1,"1":1,"13":1,"14":7,"16":7,"17":7,"18":7,"19":7,"20":7,"21":7,"22":7,"23":7,"24":7,"25":7,"26":7,"27":7,"28":7,"29":7,"30":7,"31":7,"32":7,"33":7,"34":7,"35":7,"36":7,"37":7,"38":7,"39":7,"40":7,"41":7,"42":7,"43":7,"44":7,"45":7,"46":7,"47":7,"48":7,"49":7,"50":7,"51":7,"52":7,"53":7,"54":7,"55":7,"56":7,"57":7,"58":7,"59":7,"60":7,"61":7,"62":7,"63":7,"64":7,"65":7,"66":7,"67":7,"68":7,"70":7,"71":3,"72":3,"73":3,"74":3,"75":3,"77":7,"78":7,"79":7,"80":14,"81":14,"82":14,"83":63,"84":63,"85":63,"86":63,"87":63,"88":63,"89":2,"90":2,"91":2,"93":63,"94":14,"95":14,"96":7,"97":7,"99":7,"101":1},"branchMap":{"0":{"type":"branch","line":14,"loc":{"start":{"line":14,"column":22},"end":{"line":100,"column":2}},"locations":[{"start":{"line":14,"column":22},"end":{"line":100,"column":2}}]},"1":{"type":"branch","line":71,"loc":{"start":{"line":71,"column":21},"end":{"line":76,"column":4}},"locations":[{"start":{"line":71,"column":21},"end":{"line":76,"column":4}}]},"2":{"type":"branch","line":72,"loc":{"start":{"line":72,"column":17},"end":{"line":75,"column":6}},"locations":[{"start":{"line":72,"column":17},"end":{"line":75,"column":6}}]},"3":{"type":"branch","line":74,"loc":{"start":{"line":74,"column":46},"end":{"line":74,"column":65}},"locations":[{"start":{"line":74,"column":46},"end":{"line":74,"column":65}}]},"4":{"type":"branch","line":74,"loc":{"start":{"line":74,"column":58},"end":{"line":74,"column":75}},"locations":[{"start":{"line":74,"column":58},"end":{"line":74,"column":75}}]},"5":{"type":"branch","line":80,"loc":{"start":{"line":80,"column":21},"end":{"line":96,"column":14}},"locations":[{"start":{"line":80,"column":21},"end":{"line":96,"column":14}}]},"6":{"type":"branch","line":83,"loc":{"start":{"line":83,"column":27},"end":{"line":94,"column":18}},"locations":[{"start":{"line":83,"column":27},"end":{"line":94,"column":18}}]},"7":{"type":"branch","line":84,"loc":{"start":{"line":84,"column":82},"end":{"line":84,"column":103}},"locations":[{"start":{"line":84,"column":82},"end":{"line":84,"column":103}}]},"8":{"type":"branch","line":84,"loc":{"start":{"line":84,"column":94},"end":{"line":84,"column":105}},"locations":[{"start":{"line":84,"column":94},"end":{"line":84,"column":105}}]},"9":{"type":"branch","line":87,"loc":{"start":{"line":87,"column":70},"end":{"line":87,"column":88}},"locations":[{"start":{"line":87,"column":70},"end":{"line":87,"column":88}}]},"10":{"type":"branch","line":87,"loc":{"start":{"line":87,"column":82},"end":{"line":87,"column":92}},"locations":[{"start":{"line":87,"column":82},"end":{"line":87,"column":92}}]},"11":{"type":"branch","line":89,"loc":{"start":{"line":89,"column":41},"end":{"line":92,"column":22}},"locations":[{"start":{"line":89,"column":41},"end":{"line":92,"column":22}}]},"12":{"type":"branch","line":85,"loc":{"start":{"line":85,"column":51},"end":{"line":85,"column":92}},"locations":[{"start":{"line":85,"column":51},"end":{"line":85,"column":92}}]}},"b":{"0":[7],"1":[3],"2":[3],"3":[1],"4":[2],"5":[14],"6":[63],"7":[2],"8":[61],"9":[2],"10":[61],"11":[2],"12":[3]},"fnMap":{"0":{"name":"FAQ","decl":{"start":{"line":14,"column":22},"end":{"line":100,"column":2}},"loc":{"start":{"line":14,"column":22},"end":{"line":100,"column":2}},"line":14},"1":{"name":"toggleItem","decl":{"start":{"line":71,"column":21},"end":{"line":76,"column":4}},"loc":{"start":{"line":71,"column":21},"end":{"line":76,"column":4}},"line":71},"2":{"name":"onClick","decl":{"start":{"line":85,"column":51},"end":{"line":85,"column":92}},"loc":{"start":{"line":85,"column":51},"end":{"line":85,"column":92}},"line":85}},"f":{"0":7,"1":3,"2":3}}
,"/home/tam/Yandex/CODINGTRAINING/NEOFLEX/neobank3/neobank/neobank/src/App/pages/CreditCard/CardInfo/RatesConditions/RatesConditions.tsx": {"path":"/home/tam/Yandex/CODINGTRAINING/NEOFLEX/neobank3/neobank/neobank/src/App/pages/CreditCard/CardInfo/RatesConditions/RatesConditions.tsx","all":false,"statementMap":{"0":{"start":{"line":1,"column":0},"end":{"line":1,"column":26}},"1":{"start":{"line":2,"column":0},"end":{"line":2,"column":32}},"3":{"start":{"line":4,"column":0},"end":{"line":4,"column":41}},"4":{"start":{"line":5,"column":0},"end":{"line":5,"column":10}},"5":{"start":{"line":6,"column":0},"end":{"line":6,"column":13}},"6":{"start":{"line":7,"column":0},"end":{"line":7,"column":40}},"7":{"start":{"line":8,"column":0},"end":{"line":8,"column":71}},"8":{"start":{"line":9,"column":0},"end":{"line":9,"column":80}},"9":{"start":{"line":10,"column":0},"end":{"line":10,"column":78}},"10":{"start":{"line":11,"column":0},"end":{"line":11,"column":76}},"11":{"start":{"line":12,"column":0},"end":{"line":12,"column":72}},"12":{"start":{"line":13,"column":0},"end":{"line":13,"column":75}},"13":{"start":{"line":14,"column":0},"end":{"line":14,"column":90}},"14":{"start":{"line":15,"column":0},"end":{"line":15,"column":69}},"15":{"start":{"line":16,"column":0},"end":{"line":16,"column":86}},"16":{"start":{"line":17,"column":0},"end":{"line":17,"column":53}},"18":{"start":{"line":19,"column":0},"end":{"line":19,"column":14}},"19":{"start":{"line":20,"column":0},"end":{"line":20,"column":81}},"20":{"start":{"line":21,"column":0},"end":{"line":21,"column":68}},"21":{"start":{"line":22,"column":0},"end":{"line":22,"column":75}},"22":{"start":{"line":23,"column":0},"end":{"line":23,"column":53}},"23":{"start":{"line":24,"column":0},"end":{"line":24,"column":120}},"24":{"start":{"line":25,"column":0},"end":{"line":25,"column":14}},"25":{"start":{"line":26,"column":0},"end":{"line":26,"column":12}},"26":{"start":{"line":27,"column":0},"end":{"line":27,"column":14}},"28":{"start":{"line":29,"column":0},"end":{"line":29,"column":2}},"30":{"start":{"line":31,"column":0},"end":{"line":31,"column":31}}},"s":{"0":1,"1":1,"3":1,"4":4,"5":4,"6":4,"7":4,"8":4,"9":4,"10":4,"11":4,"12":4,"13":4,"14":4,"15":4,"16":4,"18":4,"19":4,"20":4,"21":4,"22":4,"23":4,"24":4,"25":4,"26":4,"28":4,"30":1},"branchMap":{"0":{"type":"branch","line":4,"loc":{"start":{"line":4,"column":34},"end":{"line":29,"column":2}},"locations":[{"start":{"line":4,"column":34},"end":{"line":29,"column":2}}]}},"b":{"0":[4]},"fnMap":{"0":{"name":"RatesConditions","decl":{"start":{"line":4,"column":34},"end":{"line":29,"column":2}},"loc":{"start":{"line":4,"column":34},"end":{"line":29,"column":2}},"line":4}},"f":{"0":4}}
,"/home/tam/Yandex/CODINGTRAINING/NEOFLEX/neobank3/neobank/neobank/src/App/pages/CreditCard/ContinuationApplication/ContinuationApplication.tsx": {"path":"/home/tam/Yandex/CODINGTRAINING/NEOFLEX/neobank3/neobank/neobank/src/App/pages/CreditCard/ContinuationApplication/ContinuationApplication.tsx","all":true,"statementMap":{"0":{"start":{"line":1,"column":0},"end":{"line":1,"column":41}},"1":{"start":{"line":2,"column":0},"end":{"line":2,"column":47}},"2":{"start":{"line":3,"column":0},"end":{"line":3,"column":44}},"3":{"start":{"line":4,"column":0},"end":{"line":4,"column":54}},"4":{"start":{"line":5,"column":0},"end":{"line":5,"column":52}},"5":{"start":{"line":6,"column":0},"end":{"line":6,"column":55}},"6":{"start":{"line":7,"column":0},"end":{"line":7,"column":45}},"7":{"start":{"line":8,"column":0},"end":{"line":8,"column":40}},"8":{"start":{"line":9,"column":0},"end":{"line":9,"column":26}},"9":{"start":{"line":10,"column":0},"end":{"line":10,"column":100}},"10":{"start":{"line":11,"column":0},"end":{"line":11,"column":40}},"11":{"start":{"line":12,"column":0},"end":{"line":12,"column":47}},"12":{"start":{"line":13,"column":0},"end":{"line":13,"column":89}},"28":{"start":{"line":29,"column":0},"end":{"line":29,"column":49}},"29":{"start":{"line":30,"column":0},"end":{"line":30,"column":45}},"30":{"start":{"line":31,"column":0},"end":{"line":31,"column":52}},"31":{"start":{"line":32,"column":0},"end":{"line":32,"column":56}},"32":{"start":{"line":33,"column":0},"end":{"line":33,"column":33}},"33":{"start":{"line":34,"column":0},"end":{"line":34,"column":118}},"35":{"start":{"line":36,"column":0},"end":{"line":36,"column":9}},"36":{"start":{"line":37,"column":0},"end":{"line":37,"column":13}},"37":{"start":{"line":38,"column":0},"end":{"line":38,"column":17}},"38":{"start":{"line":39,"column":0},"end":{"line":39,"column":12}},"39":{"start":{"line":40,"column":0},"end":{"line":40,"column":13}},"40":{"start":{"line":41,"column":0},"end":{"line":41,"column":10}},"41":{"start":{"line":42,"column":0},"end":{"line":42,"column":26}},"42":{"start":{"line":43,"column":0},"end":{"line":43,"column":37}},"43":{"start":{"line":44,"column":0},"end":{"line":44,"column":39}},"44":{"start":{"line":45,"column":0},"end":{"line":45,"column":21}},"45":{"start":{"line":46,"column":0},"end":{"line":46,"column":5}},"47":{"start":{"line":48,"column":0},"end":{"line":48,"column":19}},"48":{"start":{"line":49,"column":0},"end":{"line":49,"column":37}},"49":{"start":{"line":50,"column":0},"end":{"line":50,"column":37}},"50":{"start":{"line":51,"column":0},"end":{"line":51,"column":5}},"51":{"start":{"line":52,"column":0},"end":{"line":52,"column":36}},"53":{"start":{"line":54,"column":0},"end":{"line":54,"column":19}},"54":{"start":{"line":55,"column":0},"end":{"line":55,"column":24}},"55":{"start":{"line":56,"column":0},"end":{"line":56,"column":63}},"56":{"start":{"line":57,"column":0},"end":{"line":57,"column":59}},"57":{"start":{"line":58,"column":0},"end":{"line":58,"column":9}},"58":{"start":{"line":59,"column":0},"end":{"line":59,"column":5}},"59":{"start":{"line":60,"column":0},"end":{"line":60,"column":32}},"61":{"start":{"line":62,"column":0},"end":{"line":62,"column":58}},"62":{"start":{"line":63,"column":0},"end":{"line":63,"column":23}},"63":{"start":{"line":64,"column":0},"end":{"line":64,"column":9}},"64":{"start":{"line":65,"column":0},"end":{"line":65,"column":96}},"65":{"start":{"line":66,"column":0},"end":{"line":66,"column":16}},"66":{"start":{"line":67,"column":0},"end":{"line":67,"column":21}},"67":{"start":{"line":68,"column":0},"end":{"line":68,"column":50}},"68":{"start":{"line":69,"column":0},"end":{"line":69,"column":40}},"69":{"start":{"line":70,"column":0},"end":{"line":70,"column":30}},"70":{"start":{"line":71,"column":0},"end":{"line":71,"column":34}},"71":{"start":{"line":72,"column":0},"end":{"line":72,"column":56}},"72":{"start":{"line":73,"column":0},"end":{"line":73,"column":60}},"73":{"start":{"line":74,"column":0},"end":{"line":74,"column":10}},"74":{"start":{"line":75,"column":0},"end":{"line":75,"column":40}},"75":{"start":{"line":76,"column":0},"end":{"line":76,"column":9}},"77":{"start":{"line":78,"column":0},"end":{"line":78,"column":36}},"78":{"start":{"line":79,"column":0},"end":{"line":79,"column":29}},"79":{"start":{"line":80,"column":0},"end":{"line":80,"column":31}},"80":{"start":{"line":81,"column":0},"end":{"line":81,"column":7}},"81":{"start":{"line":82,"column":0},"end":{"line":82,"column":21}},"82":{"start":{"line":83,"column":0},"end":{"line":83,"column":53}},"83":{"start":{"line":84,"column":0},"end":{"line":84,"column":15}},"84":{"start":{"line":85,"column":0},"end":{"line":85,"column":26}},"85":{"start":{"line":86,"column":0},"end":{"line":86,"column":5}},"86":{"start":{"line":87,"column":0},"end":{"line":87,"column":4}},"88":{"start":{"line":89,"column":0},"end":{"line":89,"column":29}},"89":{"start":{"line":90,"column":0},"end":{"line":90,"column":37}},"90":{"start":{"line":91,"column":0},"end":{"line":91,"column":67}},"91":{"start":{"line":92,"column":0},"end":{"line":92,"column":8}},"92":{"start":{"line":93,"column":0},"end":{"line":93,"column":29}},"93":{"start":{"line":94,"column":0},"end":{"line":94,"column":64}},"94":{"start":{"line":95,"column":0},"end":{"line":95,"column":41}},"95":{"start":{"line":96,"column":0},"end":{"line":96,"column":5}},"96":{"start":{"line":97,"column":0},"end":{"line":97,"column":94}},"97":{"start":{"line":98,"column":0},"end":{"line":98,"column":4}},"99":{"start":{"line":100,"column":0},"end":{"line":100,"column":33}},"101":{"start":{"line":102,"column":0},"end":{"line":102,"column":20}},"102":{"start":{"line":103,"column":0},"end":{"line":103,"column":12}},"103":{"start":{"line":104,"column":0},"end":{"line":104,"column":27}},"104":{"start":{"line":105,"column":0},"end":{"line":105,"column":56}},"105":{"start":{"line":106,"column":0},"end":{"line":106,"column":71}},"106":{"start":{"line":107,"column":0},"end":{"line":107,"column":8}},"108":{"start":{"line":109,"column":0},"end":{"line":109,"column":3}},"110":{"start":{"line":111,"column":0},"end":{"line":111,"column":10}},"111":{"start":{"line":112,"column":0},"end":{"line":112,"column":13}},"112":{"start":{"line":113,"column":0},"end":{"line":113,"column":16}},"113":{"start":{"line":114,"column":0},"end":{"line":114,"column":36}},"114":{"start":{"line":115,"column":0},"end":{"line":115,"column":36}},"115":{"start":{"line":116,"column":0},"end":{"line":116,"column":37}},"116":{"start":{"line":117,"column":0},"end":{"line":117,"column":80}},"117":{"start":{"line":118,"column":0},"end":{"line":118,"column":55}},"118":{"start":{"line":119,"column":0},"end":{"line":119,"column":16}},"120":{"start":{"line":121,"column":0},"end":{"line":121,"column":67}},"121":{"start":{"line":122,"column":0},"end":{"line":122,"column":44}},"122":{"start":{"line":123,"column":0},"end":{"line":123,"column":48}},"123":{"start":{"line":124,"column":0},"end":{"line":124,"column":42}},"124":{"start":{"line":125,"column":0},"end":{"line":125,"column":71}},"125":{"start":{"line":126,"column":0},"end":{"line":126,"column":24}},"126":{"start":{"line":127,"column":0},"end":{"line":127,"column":23}},"127":{"start":{"line":128,"column":0},"end":{"line":128,"column":84}},"128":{"start":{"line":129,"column":0},"end":{"line":129,"column":105}},"129":{"start":{"line":130,"column":0},"end":{"line":130,"column":36}},"130":{"start":{"line":131,"column":0},"end":{"line":131,"column":51}},"131":{"start":{"line":132,"column":0},"end":{"line":132,"column":98}},"132":{"start":{"line":133,"column":0},"end":{"line":133,"column":20}},"134":{"start":{"line":135,"column":0},"end":{"line":135,"column":44}},"135":{"start":{"line":136,"column":0},"end":{"line":136,"column":52}},"136":{"start":{"line":137,"column":0},"end":{"line":137,"column":56}},"137":{"start":{"line":138,"column":0},"end":{"line":138,"column":25}},"138":{"start":{"line":139,"column":0},"end":{"line":139,"column":89}},"139":{"start":{"line":140,"column":0},"end":{"line":140,"column":20}},"141":{"start":{"line":142,"column":0},"end":{"line":142,"column":48}},"142":{"start":{"line":143,"column":0},"end":{"line":143,"column":42}},"143":{"start":{"line":144,"column":0},"end":{"line":144,"column":72}},"144":{"start":{"line":145,"column":0},"end":{"line":145,"column":24}},"145":{"start":{"line":146,"column":0},"end":{"line":146,"column":23}},"146":{"start":{"line":147,"column":0},"end":{"line":147,"column":91}},"147":{"start":{"line":148,"column":0},"end":{"line":148,"column":36}},"148":{"start":{"line":149,"column":0},"end":{"line":149,"column":58}},"149":{"start":{"line":150,"column":0},"end":{"line":150,"column":112}},"150":{"start":{"line":151,"column":0},"end":{"line":151,"column":20}},"151":{"start":{"line":152,"column":0},"end":{"line":152,"column":119}},"153":{"start":{"line":154,"column":0},"end":{"line":154,"column":44}},"154":{"start":{"line":155,"column":0},"end":{"line":155,"column":58}},"155":{"start":{"line":156,"column":0},"end":{"line":156,"column":60}},"156":{"start":{"line":157,"column":0},"end":{"line":157,"column":56}},"157":{"start":{"line":158,"column":0},"end":{"line":158,"column":70}},"158":{"start":{"line":159,"column":0},"end":{"line":159,"column":25}},"159":{"start":{"line":160,"column":0},"end":{"line":160,"column":103}},"160":{"start":{"line":161,"column":0},"end":{"line":161,"column":20}},"162":{"start":{"line":163,"column":0},"end":{"line":163,"column":48}},"163":{"start":{"line":164,"column":0},"end":{"line":164,"column":42}},"164":{"start":{"line":165,"column":0},"end":{"line":165,"column":78}},"165":{"start":{"line":166,"column":0},"end":{"line":166,"column":24}},"166":{"start":{"line":167,"column":0},"end":{"line":167,"column":23}},"167":{"start":{"line":168,"column":0},"end":{"line":168,"column":93}},"168":{"start":{"line":169,"column":0},"end":{"line":169,"column":36}},"169":{"start":{"line":170,"column":0},"end":{"line":170,"column":60}},"170":{"start":{"line":171,"column":0},"end":{"line":171,"column":81}},"171":{"start":{"line":172,"column":0},"end":{"line":172,"column":20}},"172":{"start":{"line":173,"column":0},"end":{"line":173,"column":123}},"174":{"start":{"line":175,"column":0},"end":{"line":175,"column":44}},"175":{"start":{"line":176,"column":0},"end":{"line":176,"column":52}},"176":{"start":{"line":177,"column":0},"end":{"line":177,"column":50}},"177":{"start":{"line":178,"column":0},"end":{"line":178,"column":27}},"178":{"start":{"line":179,"column":0},"end":{"line":179,"column":29}},"179":{"start":{"line":180,"column":0},"end":{"line":180,"column":21}},"180":{"start":{"line":181,"column":0},"end":{"line":181,"column":25}},"181":{"start":{"line":182,"column":0},"end":{"line":182,"column":107}},"182":{"start":{"line":183,"column":0},"end":{"line":183,"column":20}},"184":{"start":{"line":185,"column":0},"end":{"line":185,"column":48}},"185":{"start":{"line":186,"column":0},"end":{"line":186,"column":42}},"186":{"start":{"line":187,"column":0},"end":{"line":187,"column":82}},"187":{"start":{"line":188,"column":0},"end":{"line":188,"column":24}},"189":{"start":{"line":190,"column":0},"end":{"line":190,"column":27}},"190":{"start":{"line":191,"column":0},"end":{"line":191,"column":35}},"191":{"start":{"line":192,"column":0},"end":{"line":192,"column":42}},"192":{"start":{"line":193,"column":0},"end":{"line":193,"column":26}},"193":{"start":{"line":194,"column":0},"end":{"line":194,"column":70}},"194":{"start":{"line":195,"column":0},"end":{"line":195,"column":42}},"195":{"start":{"line":196,"column":0},"end":{"line":196,"column":66}},"196":{"start":{"line":197,"column":0},"end":{"line":197,"column":91}},"197":{"start":{"line":198,"column":0},"end":{"line":198,"column":22}},"198":{"start":{"line":199,"column":0},"end":{"line":199,"column":20}},"199":{"start":{"line":200,"column":0},"end":{"line":200,"column":42}},"200":{"start":{"line":201,"column":0},"end":{"line":201,"column":26}},"201":{"start":{"line":202,"column":0},"end":{"line":202,"column":33}},"202":{"start":{"line":203,"column":0},"end":{"line":203,"column":40}},"203":{"start":{"line":204,"column":0},"end":{"line":204,"column":86}},"204":{"start":{"line":205,"column":0},"end":{"line":205,"column":71}},"205":{"start":{"line":206,"column":0},"end":{"line":206,"column":75}},"206":{"start":{"line":207,"column":0},"end":{"line":207,"column":24}},"207":{"start":{"line":208,"column":0},"end":{"line":208,"column":98}},"208":{"start":{"line":209,"column":0},"end":{"line":209,"column":131}},"209":{"start":{"line":210,"column":0},"end":{"line":210,"column":56}},"210":{"start":{"line":211,"column":0},"end":{"line":211,"column":22}},"212":{"start":{"line":213,"column":0},"end":{"line":213,"column":18}},"213":{"start":{"line":214,"column":0},"end":{"line":214,"column":111}},"214":{"start":{"line":215,"column":0},"end":{"line":215,"column":20}},"216":{"start":{"line":217,"column":0},"end":{"line":217,"column":48}},"217":{"start":{"line":218,"column":0},"end":{"line":218,"column":42}},"218":{"start":{"line":219,"column":0},"end":{"line":219,"column":66}},"219":{"start":{"line":220,"column":0},"end":{"line":220,"column":24}},"220":{"start":{"line":221,"column":0},"end":{"line":221,"column":22}},"221":{"start":{"line":222,"column":0},"end":{"line":222,"column":150}},"222":{"start":{"line":223,"column":0},"end":{"line":223,"column":55}},"223":{"start":{"line":224,"column":0},"end":{"line":224,"column":60}},"224":{"start":{"line":225,"column":0},"end":{"line":225,"column":30}},"225":{"start":{"line":226,"column":0},"end":{"line":226,"column":39}},"226":{"start":{"line":227,"column":0},"end":{"line":227,"column":58}},"227":{"start":{"line":228,"column":0},"end":{"line":228,"column":22}},"228":{"start":{"line":229,"column":0},"end":{"line":229,"column":21}},"229":{"start":{"line":230,"column":0},"end":{"line":230,"column":36}},"230":{"start":{"line":231,"column":0},"end":{"line":231,"column":64}},"231":{"start":{"line":232,"colum
[...]
:29,"column":0},"end":{"line":29,"column":2}},"30":{"start":{"line":31,"column":0},"end":{"line":31,"column":51}},"32":{"start":{"line":33,"column":0},"end":{"line":33,"column":54}},"33":{"start":{"line":34,"column":0},"end":{"line":34,"column":34}},"34":{"start":{"line":35,"column":0},"end":{"line":35,"column":15}},"35":{"start":{"line":36,"column":0},"end":{"line":36,"column":13}},"36":{"start":{"line":37,"column":0},"end":{"line":37,"column":65}},"37":{"start":{"line":38,"column":0},"end":{"line":38,"column":32}},"38":{"start":{"line":39,"column":0},"end":{"line":39,"column":23}},"39":{"start":{"line":40,"column":0},"end":{"line":40,"column":6}},"40":{"start":{"line":41,"column":0},"end":{"line":41,"column":74}},"41":{"start":{"line":42,"column":0},"end":{"line":42,"column":38}},"42":{"start":{"line":43,"column":0},"end":{"line":43,"column":23}},"43":{"start":{"line":44,"column":0},"end":{"line":44,"column":6}},"44":{"start":{"line":45,"column":0},"end":{"line":45,"column":28}},"45":{"start":{"line":46,"column":0},"end":{"line":46,"column":22}},"46":{"start":{"line":47,"column":0},"end":{"line":47,"column":28}},"47":{"start":{"line":48,"column":0},"end":{"line":48,"column":66}},"48":{"start":{"line":49,"column":0},"end":{"line":49,"column":6}},"49":{"start":{"line":50,"column":0},"end":{"line":50,"column":4}},"50":{"start":{"line":51,"column":0},"end":{"line":51,"column":3}},"52":{"start":{"line":53,"column":0},"end":{"line":53,"column":102}},"53":{"start":{"line":54,"column":0},"end":{"line":54,"column":56}}},"s":{"0":1,"1":1,"8":1,"9":1,"10":1,"11":1,"12":1,"13":1,"14":0,"15":0,"16":0,"17":0,"18":0,"19":1,"21":1,"22":0,"23":0,"24":0,"25":0,"26":0,"27":0,"28":0,"30":1,"32":1,"33":1,"34":1,"35":1,"36":1,"37":0,"38":0,"39":0,"40":1,"41":0,"42":0,"43":0,"44":1,"45":0,"46":0,"47":0,"48":0,"49":1,"50":1,"52":1,"53":1},"branchMap":{"0":{"type":"branch","line":9,"loc":{"start":{"line":9,"column":18},"end":{"line":20,"column":2}},"locations":[{"start":{"line":9,"column":18},"end":{"line":20,"column":2}}]},"1":{"type":"branch","line":14,"loc":{"start":{"line":14,"column":4},"end":{"line":19,"column":3}},"locations":[{"start":{"line":14,"column":4},"end":{"line":19,"column":3}}]}},"b":{"0":[1],"1":[0]},"fnMap":{"0":{"name":"loadState","decl":{"start":{"line":9,"column":18},"end":{"line":20,"column":2}},"loc":{"start":{"line":9,"column":18},"end":{"line":20,"column":2}},"line":9},"1":{"name":"saveState","decl":{"start":{"line":22,"column":18},"end":{"line":29,"column":2}},"loc":{"start":{"line":22,"column":18},"end":{"line":29,"column":2}},"line":22},"2":{"name":"setApplicationId","decl":{"start":{"line":37,"column":22},"end":{"line":40,"column":6}},"loc":{"start":{"line":37,"column":22},"end":{"line":40,"column":6}},"line":37},"3":{"name":"setFormData","decl":{"start":{"line":41,"column":17},"end":{"line":44,"column":6}},"loc":{"start":{"line":41,"column":17},"end":{"line":44,"column":6}},"line":41},"4":{"name":"resetState","decl":{"start":{"line":45,"column":16},"end":{"line":49,"column":6}},"loc":{"start":{"line":45,"column":16},"end":{"line":49,"column":6}},"line":45}},"f":{"0":1,"1":0,"2":0,"3":0,"4":0}}
,"/home/tam/Yandex/CODINGTRAINING/NEOFLEX/neobank3/neobank/neobank/src/store/loanApplicationSlice.ts": {"path":"/home/tam/Yandex/CODINGTRAINING/NEOFLEX/neobank3/neobank/neobank/src/store/loanApplicationSlice.ts","all":false,"statementMap":{"0":{"start":{"line":1,"column":0},"end":{"line":1,"column":71}},"2":{"start":{"line":3,"column":0},"end":{"line":3,"column":62}},"13":{"start":{"line":14,"column":0},"end":{"line":14,"column":58}},"14":{"start":{"line":15,"column":0},"end":{"line":15,"column":13}},"15":{"start":{"line":16,"column":0},"end":{"line":16,"column":17}},"16":{"start":{"line":17,"column":0},"end":{"line":17,"column":18}},"17":{"start":{"line":18,"column":0},"end":{"line":18,"column":19}},"18":{"start":{"line":19,"column":0},"end":{"line":19,"column":14}},"19":{"start":{"line":20,"column":0},"end":{"line":20,"column":14}},"20":{"start":{"line":21,"column":0},"end":{"line":21,"column":24}},"21":{"start":{"line":22,"column":0},"end":{"line":22,"column":21}},"22":{"start":{"line":23,"column":0},"end":{"line":23,"column":16}},"23":{"start":{"line":24,"column":0},"end":{"line":24,"column":4}},"24":{"start":{"line":25,"column":0},"end":{"line":25,"column":21}},"25":{"start":{"line":26,"column":0},"end":{"line":26,"column":20}},"26":{"start":{"line":27,"column":0},"end":{"line":27,"column":26}},"27":{"start":{"line":28,"column":0},"end":{"line":28,"column":22}},"28":{"start":{"line":29,"column":0},"end":{"line":29,"column":17}},"29":{"start":{"line":30,"column":0},"end":{"line":30,"column":2}},"31":{"start":{"line":32,"column":0},"end":{"line":32,"column":47}},"32":{"start":{"line":33,"column":0},"end":{"line":33,"column":7}},"33":{"start":{"line":34,"column":0},"end":{"line":34,"column":73}},"34":{"start":{"line":35,"column":0},"end":{"line":35,"column":35}},"35":{"start":{"line":36,"column":0},"end":{"line":36,"column":33}},"36":{"start":{"line":37,"column":0},"end":{"line":37,"column":5}},"37":{"start":{"line":38,"column":0},"end":{"line":38,"column":39}},"38":{"start":{"line":39,"column":0},"end":{"line":39,"column":17}},"39":{"start":{"line":40,"column":0},"end":{"line":40,"column":31}},"40":{"start":{"line":41,"column":0},"end":{"line":41,"column":3}},"41":{"start":{"line":42,"column":0},"end":{"line":42,"column":2}},"43":{"start":{"line":44,"column":0},"end":{"line":44,"column":55}},"54":{"start":{"line":55,"column":0},"end":{"line":55,"column":42}},"55":{"start":{"line":56,"column":0},"end":{"line":56,"column":26}},"56":{"start":{"line":57,"column":0},"end":{"line":57,"column":15}},"57":{"start":{"line":58,"column":0},"end":{"line":58,"column":13}},"58":{"start":{"line":59,"column":0},"end":{"line":59,"column":76}},"59":{"start":{"line":60,"column":0},"end":{"line":60,"column":64}},"60":{"start":{"line":61,"column":0},"end":{"line":61,"column":6}},"61":{"start":{"line":62,"column":0},"end":{"line":62,"column":65}},"62":{"start":{"line":63,"column":0},"end":{"line":63,"column":41}},"63":{"start":{"line":64,"column":0},"end":{"line":64,"column":6}},"64":{"start":{"line":65,"column":0},"end":{"line":65,"column":32}},"65":{"start":{"line":66,"column":0},"end":{"line":66,"column":30}},"66":{"start":{"line":67,"column":0},"end":{"line":67,"column":37}},"67":{"start":{"line":68,"column":0},"end":{"line":68,"column":6}},"68":{"start":{"line":69,"column":0},"end":{"line":69,"column":67}},"69":{"start":{"line":70,"column":0},"end":{"line":70,"column":43}},"70":{"start":{"line":71,"column":0},"end":{"line":71,"column":6}},"71":{"start":{"line":72,"column":0},"end":{"line":72,"column":71}},"72":{"start":{"line":73,"column":0},"end":{"line":73,"column":40}},"73":{"start":{"line":74,"column":0},"end":{"line":74,"column":6}},"74":{"start":{"line":75,"column":0},"end":{"line":75,"column":34}},"75":{"start":{"line":76,"column":0},"end":{"line":76,"column":31}},"76":{"start":{"line":77,"column":0},"end":{"line":77,"column":36}},"77":{"start":{"line":78,"column":0},"end":{"line":78,"column":6}},"78":{"start":{"line":79,"column":0},"end":{"line":79,"column":28}},"79":{"start":{"line":80,"column":0},"end":{"line":80,"column":48}},"80":{"start":{"line":81,"column":0},"end":{"line":81,"column":54}},"81":{"start":{"line":82,"column":0},"end":{"line":82,"column":6}},"82":{"start":{"line":83,"column":0},"end":{"line":83,"column":4}},"83":{"start":{"line":84,"column":0},"end":{"line":84,"column":3}},"85":{"start":{"line":86,"column":0},"end":{"line":86,"column":14}},"86":{"start":{"line":87,"column":0},"end":{"line":87,"column":17}},"87":{"start":{"line":88,"column":0},"end":{"line":88,"column":18}},"88":{"start":{"line":89,"column":0},"end":{"line":89,"column":17}},"89":{"start":{"line":90,"column":0},"end":{"line":90,"column":14}},"90":{"start":{"line":91,"column":0},"end":{"line":91,"column":19}},"91":{"start":{"line":92,"column":0},"end":{"line":92,"column":13}},"92":{"start":{"line":93,"column":0},"end":{"line":93,"column":16}},"93":{"start":{"line":94,"column":0},"end":{"line":94,"column":33}},"95":{"start":{"line":96,"column":0},"end":{"line":96,"column":44}}},"s":{"0":1,"2":1,"13":1,"14":1,"15":1,"16":1,"17":1,"18":1,"19":1,"20":1,"21":1,"22":1,"23":1,"24":1,"25":1,"26":1,"27":1,"28":1,"29":1,"31":1,"32":1,"33":1,"34":1,"35":1,"36":1,"37":0,"38":0,"39":0,"40":0,"41":1,"43":1,"54":1,"55":1,"56":1,"57":1,"58":1,"59":7,"60":7,"61":1,"62":14,"63":14,"64":1,"65":0,"66":0,"67":0,"68":1,"69":0,"70":0,"71":1,"72":0,"73":0,"74":1,"75":0,"76":0,"77":0,"78":1,"79":0,"80":0,"81":0,"82":1,"83":1,"85":1,"86":1,"87":1,"88":1,"89":1,"90":1,"91":1,"92":1,"93":1,"95":1},"branchMap":{"0":{"type":"branch","line":32,"loc":{"start":{"line":32,"column":18},"end":{"line":42,"column":2}},"locations":[{"start":{"line":32,"column":18},"end":{"line":42,"column":2}}]},"1":{"type":"branch","line":37,"loc":{"start":{"line":37,"column":4},"end":{"line":41,"column":3}},"locations":[{"start":{"line":37,"column":4},"end":{"line":41,"column":3}}]},"2":{"type":"branch","line":59,"loc":{"start":{"line":59,"column":20},"end":{"line":61,"column":6}},"locations":[{"start":{"line":59,"column":20},"end":{"line":61,"column":6}}]},"3":{"type":"branch","line":62,"loc":{"start":{"line":62,"column":21},"end":{"line":64,"column":6}},"locations":[{"start":{"line":62,"column":21},"end":{"line":64,"column":6}}]}},"b":{"0":[1],"1":[0],"2":[7],"3":[14]},"fnMap":{"0":{"name":"loadState","decl":{"start":{"line":32,"column":18},"end":{"line":42,"column":2}},"loc":{"start":{"line":32,"column":18},"end":{"line":42,"column":2}},"line":32},"1":{"name":"updateFormData","decl":{"start":{"line":59,"column":20},"end":{"line":61,"column":6}},"loc":{"start":{"line":59,"column":20},"end":{"line":61,"column":6}},"line":59},"2":{"name":"setFormValidity","decl":{"start":{"line":62,"column":21},"end":{"line":64,"column":6}},"loc":{"start":{"line":62,"column":21},"end":{"line":64,"column":6}},"line":62},"3":{"name":"showLoanOffers","decl":{"start":{"line":65,"column":20},"end":{"line":68,"column":6}},"loc":{"start":{"line":65,"column":20},"end":{"line":68,"column":6}},"line":65},"4":{"name":"selectOffer","decl":{"start":{"line":69,"column":17},"end":{"line":71,"column":6}},"loc":{"start":{"line":69,"column":17},"end":{"line":71,"column":6}},"line":69},"5":{"name":"setLoanOffers","decl":{"start":{"line":72,"column":19},"end":{"line":74,"column":6}},"loc":{"start":{"line":72,"column":19},"end":{"line":74,"column":6}},"line":72},"6":{"name":"showConfirmation","decl":{"start":{"line":75,"column":22},"end":{"line":78,"column":6}},"loc":{"start":{"line":75,"column":22},"end":{"line":78,"column":6}},"line":75},"7":{"name":"resetState","decl":{"start":{"line":79,"column":16},"end":{"line":82,"column":6}},"loc":{"start":{"line":79,"column":16},"end":{"line":82,"column":6}},"line":79}},"f":{"0":1,"1":7,"2":14,"3":0,"4":0,"5":0,"6":0,"7":0}}
,"/home/tam/Yandex/CODINGTRAINING/NEOFLEX/neobank3/neobank/neobank/src/store/newsSlice.ts": {"path":"/home/tam/Yandex/CODINGTRAINING/NEOFLEX/neobank3/neobank/neobank/src/store/newsSlice.ts","all":false,"statementMap":{"0":{"start":{"line":1,"column":0},"end":{"line":1,"column":62}},"15":{"start":{"line":16,"column":0},"end":{"line":16,"column":33}},"16":{"start":{"line":17,"column":0},"end":{"line":17,"column":15}},"17":{"start":{"line":18,"column":0},"end":{"line":18,"column":17}},"18":{"start":{"line":19,"column":0},"end":{"line":19,"column":14}},"19":{"start":{"line":20,"column":0},"end":{"line":20,"column":2}},"21":{"start":{"line":22,"column":0},"end":{"line":22,"column":31}},"22":{"start":{"line":23,"column":0},"end":{"line":23,"column":15}},"23":{"start":{"line":24,"column":0},"end":{"line":24,"column":15}},"24":{"start":{"line":25,"column":0},"end":{"line":25,"column":13}},"25":{"start":{"line":26,"column":0},"end":{"line":26,"column":32}},"26":{"start":{"line":27,"column":0},"end":{"line":27,"column":31}},"27":{"start":{"line":28,"column":0},"end":{"line":28,"column":6}},"28":{"start":{"line":29,"column":0},"end":{"line":29,"column":72}},"29":{"start":{"line":30,"column":0},"end":{"line":30,"column":33}},"30":{"start":{"line":31,"column":0},"end":{"line":31,"column":38}},"31":{"start":{"line":32,"column":0},"end":{"line":32,"column":25}},"32":{"start":{"line":33,"column":0},"end":{"line":33,"column":6}},"33":{"start":{"line":34,"column":0},"end":{"line":34,"column":65}},"34":{"start":{"line":35,"column":0},"end":{"line":35,"column":30}},"35":{"start":{"line":36,"column":0},"end":{"line":36,"column":35}},"36":{"start":{"line":37,"column":0},"end":{"line":37,"column":6}},"37":{"start":{"line":38,"column":0},"end":{"line":38,"column":4}},"38":{"start":{"line":39,"column":0},"end":{"line":39,"column":3}},"40":{"start":{"line":41,"column":0},"end":{"line":41,"column":88}},"42":{"start":{"line":43,"column":0},"end":{"line":43,"column":33}},"44":{"start":{"line":45,"column":0},"end":{"line":45,"column":81}},"45":{"start":{"line":46,"column":0},"end":{"line":46,"column":82}},"46":{"start":{"line":47,"column":0},"end":{"line":47,"column":80}}},"s":{"0":1,"15":1,"16":1,"17":1,"18":1,"19":1,"21":1,"22":1,"23":1,"24":1,"25":1,"26":0,"27":0,"28":1,"29":0,"30":0,"31":0,"32":0,"33":1,"34":0,"35":0,"36":0,"37":1,"38":1,"40":1,"42":1,"44":1,"45":1,"46":1},"branchMap":{},"b":{},"fnMap":{"0":{"name":"fetchNewsStart","decl":{"start":{"line":26,"column":20},"end":{"line":28,"column":6}},"loc":{"start":{"line":26,"column":20},"end":{"line":28,"column":6}},"line":26},"1":{"name":"fetchNewsSuccess","decl":{"start":{"line":29,"column":22},"end":{"line":33,"column":6}},"loc":{"start":{"line":29,"column":22},"end":{"line":33,"column":6}},"line":29},"2":{"name":"fetchNewsFailure","decl":{"start":{"line":34,"column":22},"end":{"line":37,"column":6}},"loc":{"start":{"line":34,"column":22},"end":{"line":37,"column":6}},"line":34},"3":{"name":"selectAllNews","decl":{"start":{"line":45,"column":29},"end":{"line":45,"column":81}},"loc":{"start":{"line":45,"column":29},"end":{"line":45,"column":81}},"line":45},"4":{"name":"selectNewsStatus","decl":{"start":{"line":46,"column":32},"end":{"line":46,"column":82}},"loc":{"start":{"line":46,"column":32},"end":{"line":46,"column":82}},"line":46},"5":{"name":"selectNewsError","decl":{"start":{"line":47,"column":31},"end":{"line":47,"column":80}},"loc":{"start":{"line":47,"column":31},"end":{"line":47,"column":80}},"line":47}},"f":{"0":0,"1":0,"2":0,"3":0,"4":0,"5":0}}
,"/home/tam/Yandex/CODINGTRAINING/NEOFLEX/neobank3/neobank/neobank/src/store/store.ts": {"path":"/home/tam/Yandex/CODINGTRAINING/NEOFLEX/neobank3/neobank/neobank/src/store/store.ts","all":false,"statementMap":{"0":{"start":{"line":1,"column":0},"end":{"line":1,"column":50}},"1":{"start":{"line":2,"column":0},"end":{"line":2,"column":56}},"2":{"start":{"line":3,"column":0},"end":{"line":3,"column":43}},"3":{"start":{"line":4,"column":0},"end":{"line":4,"column":107}},"4":{"start":{"line":5,"column":0},"end":{"line":5,"column":68}},"19":{"start":{"line":20,"column":0},"end":{"line":20,"column":62}},"20":{"start":{"line":21,"column":0},"end":{"line":21,"column":7}},"21":{"start":{"line":22,"column":0},"end":{"line":22,"column":73}},"22":{"start":{"line":23,"column":0},"end":{"line":23,"column":35}},"23":{"start":{"line":24,"column":0},"end":{"line":24,"column":33}},"24":{"start":{"line":25,"column":0},"end":{"line":25,"column":5}},"25":{"start":{"line":26,"column":0},"end":{"line":26,"column":63}},"26":{"start":{"line":27,"column":0},"end":{"line":27,"column":17}},"27":{"start":{"line":28,"column":0},"end":{"line":28,"column":47}},"28":{"start":{"line":29,"column":0},"end":{"line":29,"column":31}},"29":{"start":{"line":30,"column":0},"end":{"line":30,"column":3}},"30":{"start":{"line":31,"column":0},"end":{"line":31,"column":2}},"32":{"start":{"line":33,"column":0},"end":{"line":33,"column":37}},"33":{"start":{"line":34,"column":0},"end":{"line":34,"column":12}},"34":{"start":{"line":35,"column":0},"end":{"line":35,"column":40}},"35":{"start":{"line":36,"column":0},"end":{"line":36,"column":27}},"36":{"start":{"line":37,"column":0},"end":{"line":37,"column":44}},"37":{"start":{"line":38,"column":0},"end":{"line":38,"column":44}},"38":{"start":{"line":39,"column":0},"end":{"line":39,"column":4}},"39":{"start":{"line":40,"column":0},"end":{"line":40,"column":19}},"40":{"start":{"line":41,"column":0},"end":{"line":41,"column":48}},"41":{"start":{"line":42,"column":0},"end":{"line":42,"column":4}},"42":{"start":{"line":43,"column":0},"end":{"line":43,"column":3}},"44":{"start":{"line":45,"column":0},"end":{"line":45,"column":23}},"45":{"start":{"line":46,"column":0},"end":{"line":46,"column":33}},"46":{"start":{"line":47,"column":0},"end":{"line":47,"column":86}},"47":{"start":{"line":48,"column":0},"end":{"line":48,"column":102}},"48":{"start":{"line":49,"column":0},"end":{"line":49,"column":3}}},"s":{"0":1,"1":1,"2":1,"3":1,"4":1,"19":1,"20":1,"21":1,"22":1,"23":1,"24":1,"25":0,"26":0,"27":0,"28":0,"29":0,"30":1,"32":1,"33":1,"34":1,"35":1,"36":1,"37":1,"38":1,"39":1,"40":1,"41":1,"42":1,"44":1,"45":21,"46":21,"47":21,"48":21},"branchMap":{"0":{"type":"branch","line":20,"loc":{"start":{"line":20,"column":33},"end":{"line":31,"column":2}},"locations":[{"start":{"line":20,"column":33},"end":{"line":31,"column":2}}]},"1":{"type":"branch","line":25,"loc":{"start":{"line":25,"column":4},"end":{"line":30,"column":3}},"locations":[{"start":{"line":25,"column":4},"end":{"line":30,"column":3}}]},"2":{"type":"branch","line":45,"loc":{"start":{"line":45,"column":16},"end":{"line":49,"column":3}},"locations":[{"start":{"line":45,"column":16},"end":{"line":49,"column":3}}]}},"b":{"0":[1],"1":[0],"2":[21]},"fnMap":{"0":{"name":"loadLoanApplicationState","decl":{"start":{"line":20,"column":33},"end":{"line":31,"column":2}},"loc":{"start":{"line":20,"column":33},"end":{"line":31,"column":2}},"line":20}},"f":{"0":1}}
,"/home/tam/Yandex/CODINGTRAINING/NEOFLEX/neobank3/neobank/neobank/src/utils/newsAPI.ts": {"path":"/home/tam/Yandex/CODINGTRAINING/NEOFLEX/neobank3/neobank/neobank/src/utils/newsAPI.ts","all":true,"statementMap":{"0":{"start":{"line":1,"column":0},"end":{"line":1,"column":26}},"2":{"start":{"line":3,"column":0},"end":{"line":3,"column":99}},"4":{"start":{"line":5,"column":0},"end":{"line":5,"column":51}},"5":{"start":{"line":6,"column":0},"end":{"line":6,"column":102}},"7":{"start":{"line":8,"column":0},"end":{"line":8,"column":62}},"8":{"start":{"line":9,"column":0},"end":{"line":9,"column":29}},"9":{"start":{"line":10,"column":0},"end":{"line":10,"column":7}},"10":{"start":{"line":11,"column":0},"end":{"line":11,"column":46}},"11":{"start":{"line":12,"column":0},"end":{"line":12,"column":76}},"12":{"start":{"line":13,"column":0},"end":{"line":13,"column":37}},"13":{"start":{"line":14,"column":0},"end":{"line":14,"column":27}},"14":{"start":{"line":15,"column":0},"end":{"line":15,"column":23}},"15":{"start":{"line":16,"column":0},"end":{"line":16,"column":39}},"16":{"start":{"line":17,"column":0},"end":{"line":17,"column":8}},"17":{"start":{"line":18,"column":0},"end":{"line":18,"column":41}},"18":{"start":{"line":19,"column":0},"end":{"line":19,"column":19}},"19":{"start":{"line":20,"column":0},"end":{"line":20,"column":93}},"20":{"start":{"line":21,"column":0},"end":{"line":21,"column":3}},"21":{"start":{"line":22,"column":0},"end":{"line":22,"column":2}}},"s":{"0":0,"2":0,"4":0,"5":0,"7":0,"8":0,"9":0,"10":0,"11":0,"12":0,"13":0,"14":0,"15":0,"16":0,"17":0,"18":0,"19":0,"20":0,"21":0},"branchMap":{"0":{"type":"branch","line":1,"loc":{"start":{"line":1,"column":0},"end":{"line":22,"column":-130}},"locations":[{"start":{"line":1,"column":0},"end":{"line":22,"column":-130}}]}},"b":{"0":[0]},"fnMap":{"0":{"name":"(empty-report)","decl":{"start":{"line":1,"column":0},"end":{"line":22,"column":-130}},"loc":{"start":{"line":1,"column":0},"end":{"line":22,"column":-130}},"line":1}},"f":{"0":0}}
}
